<?xml version="1.0" encoding="UTF-8"?>
<testsuite name="asset.pipeline.grails.AssetMethodTagLibSpec" tests="1" skipped="0" failures="0" errors="0" timestamp="2015-08-13T11:37:12" hostname="david-bertramlabs.local" time="2.048">
  <properties/>
  <testcase name="should return assetPath" classname="asset.pipeline.grails.AssetMethodTagLibSpec" time="2.048"/>
  <system-out><![CDATA[07:37:13.227 [Test worker] DEBUG o.s.w.c.s.StandardServletEnvironment - Adding [servletConfigInitParams] PropertySource with lowest search precedence
07:37:13.229 [Test worker] DEBUG o.s.w.c.s.StandardServletEnvironment - Adding [servletContextInitParams] PropertySource with lowest search precedence
07:37:13.231 [Test worker] DEBUG o.s.w.c.s.StandardServletEnvironment - Adding [systemProperties] PropertySource with lowest search precedence
07:37:13.232 [Test worker] DEBUG o.s.w.c.s.StandardServletEnvironment - Adding [systemEnvironment] PropertySource with lowest search precedence
07:37:13.232 [Test worker] DEBUG o.s.w.c.s.StandardServletEnvironment - Initialized StandardServletEnvironment with PropertySources [servletConfigInitParams,servletContextInitParams,systemProperties,systemEnvironment]
07:37:13.232 [Test worker] DEBUG o.s.w.c.s.StandardServletEnvironment - Adding [random] PropertySource with search precedence immediately lower than [systemEnvironment]
07:37:13.250 [Test worker] DEBUG o.s.c.e.PropertySourcesPropertyResolver - Searching for key 'spring.profiles.active' in [servletConfigInitParams]
07:37:13.250 [Test worker] DEBUG o.s.c.e.PropertySourcesPropertyResolver - Searching for key 'spring.profiles.active' in [servletContextInitParams]
07:37:13.250 [Test worker] DEBUG o.s.c.e.PropertySourcesPropertyResolver - Searching for key 'spring.profiles.active' in [systemProperties]
07:37:13.251 [Test worker] DEBUG o.s.c.e.PropertySourcesPropertyResolver - Searching for key 'spring.profiles.active' in [systemEnvironment]
07:37:13.251 [Test worker] DEBUG o.s.c.e.PropertySourcesPropertyResolver - Searching for key 'spring.profiles.active' in [random]
07:37:13.251 [Test worker] DEBUG o.s.c.e.PropertySourcesPropertyResolver - Could not find key 'spring.profiles.active' in any property source. Returning [null]
07:37:13.254 [Test worker] DEBUG o.s.w.c.s.StandardServletEnvironment - Adding [applicationConfigurationProperties] PropertySource with lowest search precedence
07:37:13.257 [Test worker] INFO  o.s.w.c.s.GenericWebApplicationContext - Refreshing org.springframework.web.context.support.GenericWebApplicationContext@6caba175: startup date [Thu Aug 13 07:37:13 EDT 2015]; root of context hierarchy
07:37:13.259 [Test worker] DEBUG o.s.w.c.s.StandardServletEnvironment - Replacing [servletContextInitParams] PropertySource with [servletContextInitParams]
07:37:13.259 [Test worker] DEBUG o.s.w.c.s.GenericWebApplicationContext - Bean factory for org.springframework.web.context.support.GenericWebApplicationContext@6caba175: org.grails.spring.beans.factory.OptimizedAutowireCapableBeanFactory@72c22548: defining beans [grailsApplicationPostProcessor,org.springframework.context.annotation.internalConfigurationAnnotationProcessor,org.springframework.context.annotation.internalAutowiredAnnotationProcessor,org.springframework.context.annotation.internalRequiredAnnotationProcessor,org.springframework.context.annotation.internalCommonAnnotationProcessor]; root of factory hierarchy
07:37:13.282 [Test worker] DEBUG o.g.s.b.f.OptimizedAutowireCapableBeanFactory - Registering scope 'request' with implementation [org.springframework.web.context.request.RequestScope@21b95f19]
07:37:13.282 [Test worker] DEBUG o.g.s.b.f.OptimizedAutowireCapableBeanFactory - Registering scope 'session' with implementation [org.springframework.web.context.request.SessionScope@30825db8]
07:37:13.283 [Test worker] DEBUG o.g.s.b.f.OptimizedAutowireCapableBeanFactory - Registering scope 'globalSession' with implementation [org.springframework.web.context.request.SessionScope@5b289d26]
07:37:13.283 [Test worker] DEBUG o.g.s.b.f.OptimizedAutowireCapableBeanFactory - Registering scope 'application' with implementation [org.springframework.web.context.support.ServletContextScope@544e00c]
07:37:13.285 [Test worker] DEBUG o.g.s.b.f.OptimizedAutowireCapableBeanFactory - Creating shared instance of singleton bean 'org.springframework.context.annotation.internalConfigurationAnnotationProcessor'
07:37:13.285 [Test worker] DEBUG o.g.s.b.f.OptimizedAutowireCapableBeanFactory - Creating instance of bean 'org.springframework.context.annotation.internalConfigurationAnnotationProcessor'
07:37:13.297 [Test worker] DEBUG o.g.s.b.f.OptimizedAutowireCapableBeanFactory - Eagerly caching bean 'org.springframework.context.annotation.internalConfigurationAnnotationProcessor' to allow for resolving potential circular references
07:37:13.299 [Test worker] DEBUG o.g.s.b.f.OptimizedAutowireCapableBeanFactory - Finished creating instance of bean 'org.springframework.context.annotation.internalConfigurationAnnotationProcessor'
07:37:13.305 [Test worker] DEBUG o.g.s.b.f.OptimizedAutowireCapableBeanFactory - Creating shared instance of singleton bean 'grailsApplicationPostProcessor'
07:37:13.305 [Test worker] DEBUG o.g.s.b.f.OptimizedAutowireCapableBeanFactory - Creating instance of bean 'grailsApplicationPostProcessor'
07:37:13.354 [Test worker] DEBUG o.g.s.b.f.OptimizedAutowireCapableBeanFactory - Eagerly caching bean 'grailsApplicationPostProcessor' to allow for resolving potential circular references
07:37:13.361 [Test worker] DEBUG org.grails.plugins.CorePluginFinder - Attempting to load [18] core plugins
07:37:13.438 [Test worker] DEBUG o.grails.plugins.DefaultGrailsPlugin - Configuring plugin [i18n:3.0.3] to watch resources with pattern: file:./grails-app/i18n/**/*.properties
07:37:13.472 [Test worker] DEBUG o.grails.plugins.DefaultGrailsPlugin - Configuring plugin [interceptors:3.0.3] to watch resources with pattern: file:./grails-app/controllers/**/*Interceptor.groovy
07:37:13.489 [Test worker] DEBUG o.grails.plugins.DefaultGrailsPlugin - Configuring plugin [dataSource:3.0.3] to watch resources with pattern: file:./grails-app/conf/DataSource.groovy
07:37:13.535 [Test worker] DEBUG o.grails.plugins.DefaultGrailsPlugin - Configuring plugin [filters:3.0.3] to watch resources with pattern: file:./grails-app/conf/**/*Filters.groovy
07:37:13.543 [Test worker] DEBUG o.grails.plugins.DefaultGrailsPlugin - Configuring plugin [codecs:3.0.3] to watch resources with pattern: file:./grails-app/utils/**/*Codec.groovy
07:37:13.544 [Test worker] INFO  g.plugins.DefaultGrailsPluginManager - Attempting to load [0] user defined plugins
07:37:13.544 [Test worker] INFO  g.plugins.DefaultGrailsPluginManager - Grails plug-in [core] with version [3.0.3] loaded successfully
07:37:13.545 [Test worker] INFO  g.plugins.DefaultGrailsPluginManager - Grails plug-in [eventBus] with version [3.0.3] loaded successfully
07:37:13.561 [Test worker] DEBUG o.s.w.c.s.StandardServletEnvironment - Adding [grails.environment] PropertySource with lowest search precedence
07:37:13.571 [Test worker] DEBUG o.s.c.e.PropertySourcesPropertyResolver - Searching for key 'spring.profiles.active' in [servletConfigInitParams]
07:37:13.571 [Test worker] DEBUG o.s.c.e.PropertySourcesPropertyResolver - Searching for key 'spring.profiles.active' in [servletContextInitParams]
07:37:13.571 [Test worker] DEBUG o.s.c.e.PropertySourcesPropertyResolver - Searching for key 'spring.profiles.active' in [systemProperties]
07:37:13.571 [Test worker] DEBUG o.s.c.e.PropertySourcesPropertyResolver - Searching for key 'spring.profiles.active' in [systemEnvironment]
07:37:13.571 [Test worker] DEBUG o.s.c.e.PropertySourcesPropertyResolver - Searching for key 'spring.profiles.active' in [random]
07:37:13.571 [Test worker] DEBUG o.s.c.e.PropertySourcesPropertyResolver - Searching for key 'spring.profiles.active' in [applicationConfigurationProperties]
07:37:13.571 [Test worker] DEBUG o.s.c.e.PropertySourcesPropertyResolver - Searching for key 'spring.profiles.active' in [grails.environment]
07:37:13.572 [Test worker] DEBUG o.s.c.e.PropertySourcesPropertyResolver - Could not find key 'spring.profiles.active' in any property source. Returning [null]
07:37:13.572 [Test worker] DEBUG o.s.c.e.PropertySourcesPropertyResolver - Searching for key 'spring.profiles.active' in [servletConfigInitParams]
07:37:13.572 [Test worker] DEBUG o.s.c.e.PropertySourcesPropertyResolver - Searching for key 'spring.profiles.active' in [servletContextInitParams]
07:37:13.572 [Test worker] DEBUG o.s.c.e.PropertySourcesPropertyResolver - Searching for key 'spring.profiles.active' in [systemProperties]
07:37:13.572 [Test worker] DEBUG o.s.c.e.PropertySourcesPropertyResolver - Searching for key 'spring.profiles.active' in [systemEnvironment]
07:37:13.572 [Test worker] DEBUG o.s.c.e.PropertySourcesPropertyResolver - Searching for key 'spring.profiles.active' in [random]
07:37:13.572 [Test worker] DEBUG o.s.c.e.PropertySourcesPropertyResolver - Searching for key 'spring.profiles.active' in [applicationConfigurationProperties]
07:37:13.572 [Test worker] DEBUG o.s.c.e.PropertySourcesPropertyResolver - Searching for key 'spring.profiles.active' in [grails.environment]
07:37:13.572 [Test worker] DEBUG o.s.c.e.PropertySourcesPropertyResolver - Could not find key 'spring.profiles.active' in any property source. Returning [null]
07:37:13.572 [Test worker] DEBUG grails.core.DefaultGrailsApplication - loaded classes: [[]]
07:37:13.604 [Test worker] DEBUG grails.core.DefaultGrailsApplication - Going to inspect artefact classes.
07:37:13.605 [Test worker] DEBUG o.s.c.e.PropertySourcesPropertyResolver - Searching for key 'spring.profiles.active' in [servletConfigInitParams]
07:37:13.605 [Test worker] DEBUG o.s.c.e.PropertySourcesPropertyResolver - Searching for key 'spring.profiles.active' in [servletContextInitParams]
07:37:13.605 [Test worker] DEBUG o.s.c.e.PropertySourcesPropertyResolver - Searching for key 'spring.profiles.active' in [systemProperties]
07:37:13.605 [Test worker] DEBUG o.s.c.e.PropertySourcesPropertyResolver - Searching for key 'spring.profiles.active' in [systemEnvironment]
07:37:13.605 [Test worker] DEBUG o.s.c.e.PropertySourcesPropertyResolver - Searching for key 'spring.profiles.active' in [random]
07:37:13.605 [Test worker] DEBUG o.s.c.e.PropertySourcesPropertyResolver - Searching for key 'spring.profiles.active' in [applicationConfigurationProperties]
07:37:13.605 [Test worker] DEBUG o.s.c.e.PropertySourcesPropertyResolver - Searching for key 'spring.profiles.active' in [grails.environment]
07:37:13.605 [Test worker] DEBUG o.s.c.e.PropertySourcesPropertyResolver - Could not find key 'spring.profiles.active' in any property source. Returning [null]
07:37:13.606 [Test worker] DEBUG o.s.c.e.PropertySourcesPropertyResolver - Searching for key 'spring.profiles.active' in [servletConfigInitParams]
07:37:13.606 [Test worker] DEBUG o.s.c.e.PropertySourcesPropertyResolver - Searching for key 'spring.profiles.active' in [servletContextInitParams]
07:37:13.606 [Test worker] DEBUG o.s.c.e.PropertySourcesPropertyResolver - Searching for key 'spring.profiles.active' in [systemProperties]
07:37:13.606 [Test worker] DEBUG o.s.c.e.PropertySourcesPropertyResolver - Searching for key 'spring.profiles.active' in [systemEnvironment]
07:37:13.606 [Test worker] DEBUG o.s.c.e.PropertySourcesPropertyResolver - Searching for key 'spring.profiles.active' in [random]
07:37:13.606 [Test worker] DEBUG o.s.c.e.PropertySourcesPropertyResolver - Searching for key 'spring.profiles.active' in [applicationConfigurationProperties]
07:37:13.606 [Test worker] DEBUG o.s.c.e.PropertySourcesPropertyResolver - Searching for key 'spring.profiles.active' in [grails.environment]
07:37:13.606 [Test worker] DEBUG o.s.c.e.PropertySourcesPropertyResolver - Could not find key 'spring.profiles.active' in any property source. Returning [null]
07:37:13.606 [Test worker] DEBUG o.s.w.c.s.StandardServletEnvironment - Activating profile 'web'
07:37:13.606 [Test worker] DEBUG o.s.c.e.PropertySourcesPropertyResolver - Searching for key 'spring.profiles.active' in [servletConfigInitParams]
07:37:13.606 [Test worker] DEBUG o.s.c.e.PropertySourcesPropertyResolver - Searching for key 'spring.profiles.active' in [servletContextInitParams]
07:37:13.606 [Test worker] DEBUG o.s.c.e.PropertySourcesPropertyResolver - Searching for key 'spring.profiles.active' in [systemProperties]
07:37:13.608 [Test worker] DEBUG o.s.c.e.PropertySourcesPropertyResolver - Searching for key 'spring.profiles.active' in [systemEnvironment]
07:37:13.608 [Test worker] DEBUG o.s.c.e.PropertySourcesPropertyResolver - Searching for key 'spring.profiles.active' in [random]
07:37:13.608 [Test worker] DEBUG o.s.c.e.PropertySourcesPropertyResolver - Searching for key 'spring.profiles.active' in [applicationConfigurationProperties]
07:37:13.608 [Test worker] DEBUG o.s.c.e.PropertySourcesPropertyResolver - Searching for key 'spring.profiles.active' in [grails.environment]
07:37:13.608 [Test worker] DEBUG o.s.c.e.PropertySourcesPropertyResolver - Could not find key 'spring.profiles.active' in any property source. Returning [null]
07:37:13.608 [Test worker] DEBUG o.g.s.b.f.OptimizedAutowireCapableBeanFactory - Finished creating instance of bean 'grailsApplicationPostProcessor'
07:37:13.618 [Test worker] DEBUG o.s.core.env.StandardEnvironment - Adding [systemProperties] PropertySource with lowest search precedence
07:37:13.618 [Test worker] DEBUG o.s.core.env.StandardEnvironment - Adding [systemEnvironment] PropertySource with lowest search precedence
07:37:13.618 [Test worker] DEBUG o.s.core.env.StandardEnvironment - Initialized StandardEnvironment with PropertySources [systemProperties,systemEnvironment]
07:37:13.618 [Test worker] DEBUG o.s.c.e.PropertySourcesPropertyResolver - Searching for key 'spring.profiles.active' in [systemProperties]
07:37:13.618 [Test worker] DEBUG o.s.c.e.PropertySourcesPropertyResolver - Searching for key 'spring.profiles.active' in [systemEnvironment]
07:37:13.618 [Test worker] DEBUG o.s.c.e.PropertySourcesPropertyResolver - Could not find key 'spring.profiles.active' in any property source. Returning [null]
07:37:13.630 [Test worker] DEBUG o.s.b.f.x.DefaultNamespaceHandlerResolver - Loaded NamespaceHandler mappings: {http://www.springframework.org/schema/p=org.springframework.beans.factory.xml.SimplePropertyNamespaceHandler, http://www.springframework.org/schema/mvc=org.springframework.web.servlet.config.MvcNamespaceHandler, http://www.springframework.org/schema/util=org.springframework.beans.factory.xml.UtilNamespaceHandler, http://www.springframework.org/schema/jee=org.springframework.ejb.config.JeeNamespaceHandler, http://www.springframework.org/schema/aop=org.springframework.aop.config.AopNamespaceHandler, http://www.springframework.org/schema/jdbc=org.springframework.jdbc.config.JdbcNamespaceHandler, http://www.springframework.org/schema/cache=org.springframework.cache.config.CacheNamespaceHandler, http://www.springframework.org/schema/c=org.springframework.beans.factory.xml.SimpleConstructorNamespaceHandler, http://www.springframework.org/schema/tx=org.springframework.transaction.config.TxNamespaceHandler, http://grails.org/schema/context=org.grails.spring.context.annotation.GrailsContextNamespaceHandler, http://www.springframework.org/schema/task=org.springframework.scheduling.config.TaskNamespaceHandler, http://www.springframework.org/schema/lang=org.springframework.scripting.config.LangNamespaceHandler, http://www.springframework.org/schema/context=org.springframework.context.config.ContextNamespaceHandler}
07:37:13.823 [Test worker] DEBUG o.s.b.f.xml.DefaultDocumentLoader - Using JAXP provider [com.sun.org.apache.xerces.internal.jaxp.DocumentBuilderFactoryImpl]
07:37:13.859 [Test worker] DEBUG o.s.c.e.PropertySourcesPropertyResolver - Searching for key 'spring.profiles.active' in [systemProperties]
07:37:13.859 [Test worker] DEBUG o.s.c.e.PropertySourcesPropertyResolver - Searching for key 'spring.profiles.active' in [systemEnvironment]
07:37:13.859 [Test worker] DEBUG o.s.c.e.PropertySourcesPropertyResolver - Could not find key 'spring.profiles.active' in any property source. Returning [null]
07:37:13.907 [Test worker] DEBUG o.s.b.f.x.DefaultNamespaceHandlerResolver - Loaded NamespaceHandler mappings: {http://www.springframework.org/schema/p=org.springframework.beans.factory.xml.SimplePropertyNamespaceHandler, http://www.springframework.org/schema/mvc=org.springframework.web.servlet.config.MvcNamespaceHandler, http://www.springframework.org/schema/util=org.springframework.beans.factory.xml.UtilNamespaceHandler, http://www.springframework.org/schema/jee=org.springframework.ejb.config.JeeNamespaceHandler, http://www.springframework.org/schema/aop=org.springframework.aop.config.AopNamespaceHandler, http://www.springframework.org/schema/jdbc=org.springframework.jdbc.config.JdbcNamespaceHandler, http://www.springframework.org/schema/cache=org.springframework.cache.config.CacheNamespaceHandler, http://www.springframework.org/schema/c=org.springframework.beans.factory.xml.SimpleConstructorNamespaceHandler, http://www.springframework.org/schema/tx=org.springframework.transaction.config.TxNamespaceHandler, http://grails.org/schema/context=org.grails.spring.context.annotation.GrailsContextNamespaceHandler, http://www.springframework.org/schema/task=org.springframework.scheduling.config.TaskNamespaceHandler, http://www.springframework.org/schema/lang=org.springframework.scripting.config.LangNamespaceHandler, http://www.springframework.org/schema/context=org.springframework.context.config.ContextNamespaceHandler}
07:37:13.909 [Test worker] DEBUG o.s.b.f.xml.DefaultDocumentLoader - Using JAXP provider [com.sun.org.apache.xerces.internal.jaxp.DocumentBuilderFactoryImpl]
07:37:13.943 [Test worker] INFO  o.g.s.b.f.OptimizedAutowireCapableBeanFactory - Overriding bean definition for bean 'org.springframework.context.annotation.internalConfigurationAnnotationProcessor': replacing [Root bean: class [org.springframework.context.annotation.ConfigurationClassPostProcessor]; scope=; abstract=false; lazyInit=false; autowireMode=0; dependencyCheck=0; autowireCandidate=true; primary=false; factoryBeanName=null; factoryMethodName=null; initMethodName=null; destroyMethodName=null] with [Root bean: class [org.springframework.context.annotation.ConfigurationClassPostProcessor]; scope=; abstract=false; lazyInit=false; autowireMode=0; dependencyCheck=0; autowireCandidate=true; primary=false; factoryBeanName=null; factoryMethodName=null; initMethodName=null; destroyMethodName=null]
07:37:13.943 [Test worker] INFO  o.g.s.b.f.OptimizedAutowireCapableBeanFactory - Overriding bean definition for bean 'org.springframework.context.annotation.internalAutowiredAnnotationProcessor': replacing [Root bean: class [org.springframework.beans.factory.annotation.AutowiredAnnotationBeanPostProcessor]; scope=; abstract=false; lazyInit=false; autowireMode=0; dependencyCheck=0; autowireCandidate=true; primary=false; factoryBeanName=null; factoryMethodName=null; initMethodName=null; destroyMethodName=null] with [Root bean: class [org.springframework.beans.factory.annotation.AutowiredAnnotationBeanPostProcessor]; scope=; abstract=false; lazyInit=false; autowireMode=0; dependencyCheck=0; autowireCandidate=true; primary=false; factoryBeanName=null; factoryMethodName=null; initMethodName=null; destroyMethodName=null]
07:37:13.943 [Test worker] INFO  o.g.s.b.f.OptimizedAutowireCapableBeanFactory - Overriding bean definition for bean 'org.springframework.context.annotation.internalRequiredAnnotationProcessor': replacing [Root bean: class [org.springframework.beans.factory.annotation.RequiredAnnotationBeanPostProcessor]; scope=; abstract=false; lazyInit=false; autowireMode=0; dependencyCheck=0; autowireCandidate=true; primary=false; factoryBeanName=null; factoryMethodName=null; initMethodName=null; destroyMethodName=null] with [Root bean: class [org.springframework.beans.factory.annotation.RequiredAnnotationBeanPostProcessor]; scope=; abstract=false; lazyInit=false; autowireMode=0; dependencyCheck=0; autowireCandidate=true; primary=false; factoryBeanName=null; factoryMethodName=null; initMethodName=null; destroyMethodName=null]
07:37:13.944 [Test worker] INFO  o.g.s.b.f.OptimizedAutowireCapableBeanFactory - Overriding bean definition for bean 'org.springframework.context.annotation.internalCommonAnnotationProcessor': replacing [Root bean: class [org.springframework.context.annotation.CommonAnnotationBeanPostProcessor]; scope=; abstract=false; lazyInit=false; autowireMode=0; dependencyCheck=0; autowireCandidate=true; primary=false; factoryBeanName=null; factoryMethodName=null; initMethodName=null; destroyMethodName=null] with [Root bean: class [org.springframework.context.annotation.CommonAnnotationBeanPostProcessor]; scope=; abstract=false; lazyInit=false; autowireMode=0; dependencyCheck=0; autowireCandidate=true; primary=false; factoryBeanName=null; factoryMethodName=null; initMethodName=null; destroyMethodName=null]
07:37:13.944 [Test worker] DEBUG o.g.s.DefaultRuntimeSpringConfiguration - [RuntimeConfiguration] Registering bean [defaultGrailslongConverter]
07:37:13.944 [Test worker] DEBUG o.g.s.DefaultRuntimeSpringConfiguration - [RuntimeConfiguration] Registering bean [filteringCodecsByContentTypeSettings]
07:37:13.944 [Test worker] DEBUG o.g.s.DefaultRuntimeSpringConfiguration - [RuntimeConfiguration] Registering bean [grailsConfigProperties]
07:37:13.944 [Test worker] DEBUG o.g.s.DefaultRuntimeSpringConfiguration - [RuntimeConfiguration] Registering bean [grailsWebDataBinder]
07:37:13.944 [Test worker] DEBUG o.g.s.DefaultRuntimeSpringConfiguration - [RuntimeConfiguration] Registering bean [defaultGrailsBigDecimalConverter]
07:37:13.944 [Test worker] DEBUG o.g.s.DefaultRuntimeSpringConfiguration - [RuntimeConfiguration] Registering bean [proxyHandler]
07:37:13.944 [Test worker] DEBUG o.g.s.DefaultRuntimeSpringConfiguration - [RuntimeConfiguration] Registering bean [defaultGrailsdoubleConverter]
07:37:13.944 [Test worker] DEBUG o.g.s.DefaultRuntimeSpringConfiguration - [RuntimeConfiguration] Registering bean [mimeTypes]
07:37:13.945 [Test worker] DEBUG o.g.s.DefaultRuntimeSpringConfiguration - [RuntimeConfiguration] Registering bean [gspTagLibraryLookup]
07:37:13.945 [Test worker] DEBUG o.g.s.DefaultRuntimeSpringConfiguration - [RuntimeConfiguration] Registering bean [abstractGrailsResourceLocator]
07:37:13.945 [Test worker] DEBUG o.g.s.DefaultRuntimeSpringConfiguration - [RuntimeConfiguration] Registering bean [eventBus]
07:37:13.945 [Test worker] DEBUG o.g.s.DefaultRuntimeSpringConfiguration - [RuntimeConfiguration] Registering bean [jspTagLibraryResolver]
07:37:13.945 [Test worker] DEBUG o.g.s.DefaultRuntimeSpringConfiguration - [RuntimeConfiguration] Registering bean [jsonDataBindingSourceCreator]
07:37:13.945 [Test worker] DEBUG o.g.s.DefaultRuntimeSpringConfiguration - [RuntimeConfiguration] Registering bean [groovyPageLocator]
07:37:13.945 [Test worker] DEBUG o.g.s.DefaultRuntimeSpringConfiguration - [RuntimeConfiguration] Registering bean [propertySourcesPlaceholderConfigurer]
07:37:13.945 [Test worker] DEBUG o.g.s.DefaultRuntimeSpringConfiguration - [RuntimeConfiguration] Registering bean [grailsMimeUtility]
07:37:13.945 [Test worker] DEBUG o.g.s.DefaultRuntimeSpringConfiguration - [RuntimeConfiguration] Registering bean [defaultDateConverter]
07:37:13.945 [Test worker] DEBUG o.g.s.DefaultRuntimeSpringConfiguration - [RuntimeConfiguration] Registering bean [reactorConfigurationReader]
07:37:13.945 [Test worker] DEBUG o.g.s.DefaultRuntimeSpringConfiguration - [RuntimeConfiguration] Registering bean [defaultGrailsjava.lang.DoubleConverter]
07:37:13.945 [Test worker] DEBUG o.g.s.DefaultRuntimeSpringConfiguration - [RuntimeConfiguration] Registering bean [timeZoneConverter]
07:37:13.946 [Test worker] DEBUG o.g.s.DefaultRuntimeSpringConfiguration - [RuntimeConfiguration] Registering bean [xmlDataBindingSourceCreator]
07:37:13.946 [Test worker] DEBUG o.g.s.DefaultRuntimeSpringConfiguration - [RuntimeConfiguration] Registering bean [defaultGrailsintConverter]
07:37:13.946 [Test worker] DEBUG o.g.s.DefaultRuntimeSpringConfiguration - [RuntimeConfiguration] Registering bean [multipartResolver]
07:37:13.946 [Test worker] DEBUG o.g.s.DefaultRuntimeSpringConfiguration - [RuntimeConfiguration] Registering bean [grailsConfigurationClassPostProcessor]
07:37:13.946 [Test worker] DEBUG o.g.s.DefaultRuntimeSpringConfiguration - [RuntimeConfiguration] Registering bean [rendererRegistry]
07:37:13.946 [Test worker] DEBUG o.g.s.DefaultRuntimeSpringConfiguration - [RuntimeConfiguration] Registering bean [reactorEnv]
07:37:13.946 [Test worker] DEBUG o.g.s.DefaultRuntimeSpringConfiguration - [RuntimeConfiguration] Registering bean [defaultGrailsfloatConverter]
07:37:13.946 [Test worker] DEBUG o.g.s.DefaultRuntimeSpringConfiguration - [RuntimeConfiguration] Registering bean [localeResolver]
07:37:13.946 [Test worker] DEBUG o.g.s.DefaultRuntimeSpringConfiguration - [RuntimeConfiguration] Registering bean [conversionService]
07:37:13.946 [Test worker] DEBUG o.g.s.DefaultRuntimeSpringConfiguration - [RuntimeConfiguration] Registering bean [org.springframework.aop.config.internalAutoProxyCreator]
07:37:13.947 [Test worker] DEBUG o.g.s.DefaultRuntimeSpringConfiguration - [RuntimeConfiguration] Registering bean [legacyGrailsApplication]
07:37:13.947 [Test worker] DEBUG o.g.s.DefaultRuntimeSpringConfiguration - [RuntimeConfiguration] Registering bean [classLoader]
07:37:13.947 [Test worker] DEBUG o.g.s.DefaultRuntimeSpringConfiguration - [RuntimeConfiguration] Registering bean [halJsonDataBindingSourceCreator]
07:37:13.947 [Test worker] DEBUG o.g.s.DefaultRuntimeSpringConfiguration - [RuntimeConfiguration] Registering bean [errorsXmlMarshallerRegisterer]
07:37:13.947 [Test worker] DEBUG o.g.s.DefaultRuntimeSpringConfiguration - [RuntimeConfiguration] Registering bean [dataBindingSourceRegistry]
07:37:13.947 [Test worker] DEBUG o.g.s.DefaultRuntimeSpringConfiguration - [RuntimeConfiguration] Registering bean [halXmlDataBindingSourceCreator]
07:37:13.947 [Test worker] DEBUG o.g.s.DefaultRuntimeSpringConfiguration - [RuntimeConfiguration] Registering bean [grailsPlaceholderConfigurer]
07:37:13.948 [Test worker] DEBUG o.g.s.DefaultRuntimeSpringConfiguration - [RuntimeConfiguration] Registering bean [grailsUrlMappingsHolder]
07:37:13.948 [Test worker] DEBUG o.g.s.DefaultRuntimeSpringConfiguration - [RuntimeConfiguration] Registering bean [defaultGrailsjava.lang.FloatConverter]
07:37:13.948 [Test worker] DEBUG o.g.s.DefaultRuntimeSpringConfiguration - [RuntimeConfiguration] Registering bean [grailsLinkGenerator]
07:37:13.948 [Test worker] DEBUG o.g.s.DefaultRuntimeSpringConfiguration - [RuntimeConfiguration] Registering bean [mapBasedSmartPropertyOverrideConfigurer]
07:37:13.948 [Test worker] DEBUG o.g.s.DefaultRuntimeSpringConfiguration - [RuntimeConfiguration] Registering bean [groovyPagesTemplateEngine]
07:37:13.948 [Test worker] DEBUG o.g.s.DefaultRuntimeSpringConfiguration - [RuntimeConfiguration] Registering bean [codecLookup]
07:37:13.948 [Test worker] DEBUG o.g.s.DefaultRuntimeSpringConfiguration - [RuntimeConfiguration] Registering bean [pluginManagerPostProcessor]
07:37:13.948 [Test worker] DEBUG o.g.s.DefaultRuntimeSpringConfiguration - [RuntimeConfiguration] Registering bean [defaultGrailsjava.lang.IntegerConverter]
07:37:13.948 [Test worker] DEBUG o.g.s.DefaultRuntimeSpringConfiguration - [RuntimeConfiguration] Registering bean [groovyPagesTemplateRenderer]
07:37:13.948 [Test worker] DEBUG o.g.s.DefaultRuntimeSpringConfiguration - [RuntimeConfiguration] Registering bean [grailsUrlConverter]
07:37:13.948 [Test worker] DEBUG o.g.s.DefaultRuntimeSpringConfiguration - [RuntimeConfiguration] Registering bean [errorsJsonMarshallerRegisterer]
07:37:13.948 [Test worker] DEBUG o.g.s.DefaultRuntimeSpringConfiguration - [RuntimeConfiguration] Registering bean [groovyPageUnitTestResourceLoader]
07:37:13.948 [Test worker] DEBUG o.g.s.DefaultRuntimeSpringConfiguration - [RuntimeConfiguration] Registering bean [org.grails.beans.ConstraintsEvaluator]
07:37:13.948 [Test worker] DEBUG o.g.s.DefaultRuntimeSpringConfiguration - [RuntimeConfiguration] Registering bean [grailsApplicationPostProcessor]
07:37:13.949 [Test worker] DEBUG o.g.s.DefaultRuntimeSpringConfiguration - [RuntimeConfiguration] Registering bean [grailsResourceLocator]
07:37:13.949 [Test worker] DEBUG o.g.s.DefaultRuntimeSpringConfiguration - [RuntimeConfiguration] Registering bean [customEditors]
07:37:13.949 [Test worker] DEBUG o.g.s.DefaultRuntimeSpringConfiguration - [RuntimeConfiguration] Registering bean [defaultGrailsjava.lang.LongConverter]
07:37:13.949 [Test worker] DEBUG o.g.s.DefaultRuntimeSpringConfiguration - [RuntimeConfiguration] Registering bean [messageSource]
07:37:13.949 [Test worker] DEBUG o.g.s.DefaultRuntimeSpringConfiguration - [RuntimeConfiguration] Registering bean [convertersConfigurationInitializer]
07:37:13.949 [Test worker] DEBUG o.g.s.DefaultRuntimeSpringConfiguration - [RuntimeConfiguration] Registering bean [defaultGrailsjava.lang.ShortConverter]
07:37:13.949 [Test worker] DEBUG o.g.s.DefaultRuntimeSpringConfiguration - [RuntimeConfiguration] Registering bean [defaultGrailsshortConverter]
07:37:13.949 [Test worker] DEBUG o.g.s.DefaultRuntimeSpringConfiguration - [RuntimeConfiguration] Registering bean [xmlErrorsMarshaller]
07:37:13.949 [Test worker] DEBUG o.g.s.DefaultRuntimeSpringConfiguration - [RuntimeConfiguration] Registering bean [defaultCurrencyConverter]
07:37:13.949 [Test worker] DEBUG o.g.s.DefaultRuntimeSpringConfiguration - [RuntimeConfiguration] Registering bean [mimeTypeResolver]
07:37:13.949 [Test worker] DEBUG o.g.s.DefaultRuntimeSpringConfiguration - [RuntimeConfiguration] Registering bean [consumerBeanAutoConfiguration]
07:37:13.950 [Test worker] DEBUG o.g.s.DefaultRuntimeSpringConfiguration - [RuntimeConfiguration] Registering bean [jsonErrorsMarshaller]
07:37:13.950 [Test worker] DEBUG o.g.s.DefaultRuntimeSpringConfiguration - [RuntimeConfiguration] Registering bean [defaultGrailsBigIntegerConverter]
07:37:13.952 [Test worker] DEBUG o.g.s.b.f.OptimizedAutowireCapableBeanFactory - Creating shared instance of singleton bean 'grailsConfigurationClassPostProcessor'
07:37:13.952 [Test worker] DEBUG o.g.s.b.f.OptimizedAutowireCapableBeanFactory - Creating instance of bean 'grailsConfigurationClassPostProcessor'
07:37:13.952 [Test worker] DEBUG o.g.s.b.f.OptimizedAutowireCapableBeanFactory - Eagerly caching bean 'grailsConfigurationClassPostProcessor' to allow for resolving potential circular references
07:37:13.952 [Test worker] DEBUG o.g.s.b.f.OptimizedAutowireCapableBeanFactory - Finished creating instance of bean 'grailsConfigurationClassPostProcessor'
07:37:13.952 [Test worker] INFO  o.g.s.b.f.OptimizedAutowireCapableBeanFactory - Overriding bean definition for bean 'org.springframework.context.annotation.ConfigurationClassPostProcessor.importAwareProcessor': replacing [Root bean: class [org.springframework.context.annotation.ConfigurationClassPostProcessor$ImportAwareBeanPostProcessor]; scope=; abstract=false; lazyInit=false; autowireMode=0; dependencyCheck=0; autowireCandidate=true; primary=false; factoryBeanName=null; factoryMethodName=null; initMethodName=null; destroyMethodName=null] with [Root bean: class [org.springframework.context.annotation.ConfigurationClassPostProcessor$ImportAwareBeanPostProcessor]; scope=; abstract=false; lazyInit=false; autowireMode=0; dependencyCheck=0; autowireCandidate=true; primary=false; factoryBeanName=null; factoryMethodName=null; initMethodName=null; destroyMethodName=null]
07:37:13.952 [Test worker] INFO  o.g.s.b.f.OptimizedAutowireCapableBeanFactory - Overriding bean definition for bean 'org.springframework.context.annotation.ConfigurationClassPostProcessor.enhancedConfigurationProcessor': replacing [Root bean: class [org.springframework.context.annotation.ConfigurationClassPostProcessor$EnhancedConfigurationBeanPostProcessor]; scope=; abstract=false; lazyInit=false; autowireMode=0; dependencyCheck=0; autowireCandidate=true; primary=false; factoryBeanName=null; factoryMethodName=null; initMethodName=null; destroyMethodName=null] with [Root bean: class [org.springframework.context.annotation.ConfigurationClassPostProcessor$EnhancedConfigurationBeanPostProcessor]; scope=; abstract=false; lazyInit=false; autowireMode=0; dependencyCheck=0; autowireCandidate=true; primary=false; factoryBeanName=null; factoryMethodName=null; initMethodName=null; destroyMethodName=null]
07:37:13.996 [Test worker] DEBUG o.s.w.c.s.StandardServletEnvironment - Removing [applicationConfigurationProperties] PropertySource
07:37:13.997 [Test worker] DEBUG o.s.w.c.s.StandardServletEnvironment - Removing [defaultProperties] PropertySource
07:37:13.998 [Test worker] DEBUG o.g.s.b.f.OptimizedAutowireCapableBeanFactory - Creating shared instance of singleton bean 'propertySourcesPlaceholderConfigurer'
07:37:13.998 [Test worker] DEBUG o.g.s.b.f.OptimizedAutowireCapableBeanFactory - Creating instance of bean 'propertySourcesPlaceholderConfigurer'
07:37:13.999 [Test worker] DEBUG o.g.s.b.f.OptimizedAutowireCapableBeanFactory - Eagerly caching bean 'propertySourcesPlaceholderConfigurer' to allow for resolving potential circular references
07:37:14.009 [Test worker] DEBUG o.g.s.b.f.OptimizedAutowireCapableBeanFactory - Finished creating instance of bean 'propertySourcesPlaceholderConfigurer'
07:37:14.009 [Test worker] DEBUG o.g.s.b.f.OptimizedAutowireCapableBeanFactory - Creating shared instance of singleton bean 'grailsPlaceholderConfigurer'
07:37:14.009 [Test worker] DEBUG o.g.s.b.f.OptimizedAutowireCapableBeanFactory - Creating instance of bean 'grailsPlaceholderConfigurer'
07:37:14.011 [Test worker] DEBUG o.g.s.b.f.OptimizedAutowireCapableBeanFactory - Eagerly caching bean 'grailsPlaceholderConfigurer' to allow for resolving potential circular references
07:37:14.011 [Test worker] DEBUG o.g.s.b.f.OptimizedAutowireCapableBeanFactory - Finished creating instance of bean 'grailsPlaceholderConfigurer'
07:37:14.011 [Test worker] DEBUG o.s.core.env.MutablePropertySources - Adding [environmentProperties] PropertySource with lowest search precedence
07:37:14.011 [Test worker] DEBUG o.s.core.env.MutablePropertySources - Adding [localProperties] PropertySource with lowest search precedence
07:37:14.013 [Test worker] DEBUG o.s.core.env.MutablePropertySources - Adding [environmentProperties] PropertySource with lowest search precedence
07:37:14.014 [Test worker] DEBUG o.s.core.env.MutablePropertySources - Adding [localProperties] PropertySource with lowest search precedence
07:37:14.014 [Test worker] DEBUG o.g.s.b.f.OptimizedAutowireCapableBeanFactory - Creating shared instance of singleton bean 'customEditors'
07:37:14.014 [Test worker] DEBUG o.g.s.b.f.OptimizedAutowireCapableBeanFactory - Creating instance of bean 'customEditors'
07:37:14.014 [Test worker] DEBUG o.g.s.b.f.OptimizedAutowireCapableBeanFactory - Eagerly caching bean 'customEditors' to allow for resolving potential circular references
07:37:14.016 [Test worker] DEBUG o.g.s.b.f.OptimizedAutowireCapableBeanFactory - Finished creating instance of bean 'customEditors'
07:37:14.016 [Test worker] DEBUG o.g.s.b.f.OptimizedAutowireCapableBeanFactory - Creating shared instance of singleton bean 'mapBasedSmartPropertyOverrideConfigurer'
07:37:14.016 [Test worker] DEBUG o.g.s.b.f.OptimizedAutowireCapableBeanFactory - Creating instance of bean 'mapBasedSmartPropertyOverrideConfigurer'
07:37:14.017 [Test worker] DEBUG o.g.s.b.f.OptimizedAutowireCapableBeanFactory - Eagerly caching bean 'mapBasedSmartPropertyOverrideConfigurer' to allow for resolving potential circular references
07:37:14.017 [Test worker] DEBUG o.g.s.b.f.OptimizedAutowireCapableBeanFactory - Finished creating instance of bean 'mapBasedSmartPropertyOverrideConfigurer'
07:37:14.026 [Test worker] DEBUG o.g.s.b.f.OptimizedAutowireCapableBeanFactory - Creating shared instance of singleton bean 'org.springframework.context.annotation.internalAutowiredAnnotationProcessor'
07:37:14.026 [Test worker] DEBUG o.g.s.b.f.OptimizedAutowireCapableBeanFactory - Creating instance of bean 'org.springframework.context.annotation.internalAutowiredAnnotationProcessor'
07:37:14.027 [Test worker] DEBUG o.g.s.b.f.OptimizedAutowireCapableBeanFactory - Eagerly caching bean 'org.springframework.context.annotation.internalAutowiredAnnotationProcessor' to allow for resolving potential circular references
07:37:14.027 [Test worker] DEBUG o.g.s.b.f.OptimizedAutowireCapableBeanFactory - Finished creating instance of bean 'org.springframework.context.annotation.internalAutowiredAnnotationProcessor'
07:37:14.027 [Test worker] DEBUG o.g.s.b.f.OptimizedAutowireCapableBeanFactory - Creating shared instance of singleton bean 'org.springframework.context.annotation.internalRequiredAnnotationProcessor'
07:37:14.027 [Test worker] DEBUG o.g.s.b.f.OptimizedAutowireCapableBeanFactory - Creating instance of bean 'org.springframework.context.annotation.internalRequiredAnnotationProcessor'
07:37:14.028 [Test worker] DEBUG o.g.s.b.f.OptimizedAutowireCapableBeanFactory - Eagerly caching bean 'org.springframework.context.annotation.internalRequiredAnnotationProcessor' to allow for resolving potential circular references
07:37:14.028 [Test worker] DEBUG o.g.s.b.f.OptimizedAutowireCapableBeanFactory - Finished creating instance of bean 'org.springframework.context.annotation.internalRequiredAnnotationProcessor'
07:37:14.028 [Test worker] DEBUG o.g.s.b.f.OptimizedAutowireCapableBeanFactory - Creating shared instance of singleton bean 'org.springframework.context.annotation.internalCommonAnnotationProcessor'
07:37:14.028 [Test worker] DEBUG o.g.s.b.f.OptimizedAutowireCapableBeanFactory - Creating instance of bean 'org.springframework.context.annotation.internalCommonAnnotationProcessor'
07:37:14.030 [Test worker] DEBUG o.g.s.b.f.OptimizedAutowireCapableBeanFactory - Eagerly caching bean 'org.springframework.context.annotation.internalCommonAnnotationProcessor' to allow for resolving potential circular references
07:37:14.030 [Test worker] DEBUG o.g.s.b.f.OptimizedAutowireCapableBeanFactory - Finished creating instance of bean 'org.springframework.context.annotation.internalCommonAnnotationProcessor'
07:37:14.030 [Test worker] DEBUG o.g.s.b.f.OptimizedAutowireCapableBeanFactory - Creating shared instance of singleton bean 'org.springframework.context.annotation.ConfigurationClassPostProcessor.importAwareProcessor'
07:37:14.030 [Test worker] DEBUG o.g.s.b.f.OptimizedAutowireCapableBeanFactory - Creating instance of bean 'org.springframework.context.annotation.ConfigurationClassPostProcessor.importAwareProcessor'
07:37:14.031 [Test worker] DEBUG o.g.s.b.f.OptimizedAutowireCapableBeanFactory - Eagerly caching bean 'org.springframework.context.annotation.ConfigurationClassPostProcessor.importAwareProcessor' to allow for resolving potential circular references
07:37:14.031 [Test worker] DEBUG o.g.s.b.f.OptimizedAutowireCapableBeanFactory - Finished creating instance of bean 'org.springframework.context.annotation.ConfigurationClassPostProcessor.importAwareProcessor'
07:37:14.031 [Test worker] DEBUG o.g.s.b.f.OptimizedAutowireCapableBeanFactory - Creating shared instance of singleton bean 'org.springframework.context.annotation.ConfigurationClassPostProcessor.enhancedConfigurationProcessor'
07:37:14.031 [Test worker] DEBUG o.g.s.b.f.OptimizedAutowireCapableBeanFactory - Creating instance of bean 'org.springframework.context.annotation.ConfigurationClassPostProcessor.enhancedConfigurationProcessor'
07:37:14.031 [Test worker] DEBUG o.g.s.b.f.OptimizedAutowireCapableBeanFactory - Eagerly caching bean 'org.springframework.context.annotation.ConfigurationClassPostProcessor.enhancedConfigurationProcessor' to allow for resolving potential circular references
07:37:14.031 [Test worker] DEBUG o.g.s.b.f.OptimizedAutowireCapableBeanFactory - Finished creating instance of bean 'org.springframework.context.annotation.ConfigurationClassPostProcessor.enhancedConfigurationProcessor'
07:37:14.031 [Test worker] DEBUG o.g.s.b.f.OptimizedAutowireCapableBeanFactory - Creating shared instance of singleton bean 'org.springframework.aop.config.internalAutoProxyCreator'
07:37:14.031 [Test worker] DEBUG o.g.s.b.f.OptimizedAutowireCapableBeanFactory - Creating instance of bean 'org.springframework.aop.config.internalAutoProxyCreator'
07:37:14.047 [Test worker] DEBUG o.g.s.b.f.OptimizedAutowireCapableBeanFactory - Eagerly caching bean 'org.springframework.aop.config.internalAutoProxyCreator' to allow for resolving potential circular references
07:37:14.056 [Test worker] DEBUG o.g.s.b.f.OptimizedAutowireCapableBeanFactory - Finished creating instance of bean 'org.springframework.aop.config.internalAutoProxyCreator'
07:37:14.056 [Test worker] DEBUG o.g.s.b.f.OptimizedAutowireCapableBeanFactory - Creating shared instance of singleton bean 'pluginManagerPostProcessor'
07:37:14.056 [Test worker] DEBUG o.g.s.b.f.OptimizedAutowireCapableBeanFactory - Creating instance of bean 'pluginManagerPostProcessor'
07:37:14.060 [Test worker] DEBUG o.g.s.b.f.OptimizedAutowireCapableBeanFactory - Eagerly caching bean 'pluginManagerPostProcessor' to allow for resolving potential circular references
07:37:14.064 [Test worker] DEBUG o.g.s.b.f.OptimizedAutowireCapableBeanFactory - Finished creating instance of bean 'pluginManagerPostProcessor'
07:37:14.064 [Test worker] DEBUG o.g.s.b.f.OptimizedAutowireCapableBeanFactory - Creating shared instance of singleton bean 'grailsApplicationPostProcessor'
07:37:14.064 [Test worker] DEBUG o.g.s.b.f.OptimizedAutowireCapableBeanFactory - Creating instance of bean 'grailsApplicationPostProcessor'
07:37:14.064 [Test worker] DEBUG o.g.s.b.f.OptimizedAutowireCapableBeanFactory - Eagerly caching bean 'grailsApplicationPostProcessor' to allow for resolving potential circular references
07:37:14.065 [Test worker] DEBUG o.g.s.b.f.OptimizedAutowireCapableBeanFactory - Finished creating instance of bean 'grailsApplicationPostProcessor'
07:37:14.066 [Test worker] DEBUG o.g.s.b.f.OptimizedAutowireCapableBeanFactory - Creating shared instance of singleton bean 'messageSource'
07:37:14.066 [Test worker] DEBUG o.g.s.b.f.OptimizedAutowireCapableBeanFactory - Creating instance of bean 'messageSource'
07:37:14.067 [Test worker] DEBUG o.g.s.b.f.OptimizedAutowireCapableBeanFactory - Eagerly caching bean 'messageSource' to allow for resolving potential circular references
07:37:14.069 [Test worker] DEBUG o.g.s.b.f.OptimizedAutowireCapableBeanFactory - Returning cached instance of singleton bean 'pluginManager'
07:37:14.070 [Test worker] DEBUG o.g.s.b.f.OptimizedAutowireCapableBeanFactory - Finished creating instance of bean 'messageSource'
07:37:14.070 [Test worker] DEBUG o.s.w.c.s.GenericWebApplicationContext - Using MessageSource [org.springframework.context.support.StaticMessageSource: {}]
07:37:14.071 [Test worker] DEBUG o.s.w.c.s.GenericWebApplicationContext - Unable to locate ApplicationEventMulticaster with name 'applicationEventMulticaster': using default [org.springframework.context.event.SimpleApplicationEventMulticaster@73bf0dfa]
07:37:14.072 [Test worker] DEBUG o.s.u.c.s.UiApplicationContextUtils - Unable to locate ThemeSource with name 'themeSource': using default [org.springframework.ui.context.support.ResourceBundleThemeSource@7b60a863]
07:37:14.073 [Test worker] DEBUG o.g.s.b.f.OptimizedAutowireCapableBeanFactory - Creating shared instance of singleton bean 'conversionService'
07:37:14.073 [Test worker] DEBUG o.g.s.b.f.OptimizedAutowireCapableBeanFactory - Creating instance of bean 'conversionService'
07:37:14.074 [Test worker] DEBUG o.g.s.b.f.OptimizedAutowireCapableBeanFactory - Eagerly caching bean 'conversionService' to allow for resolving potential circular references
07:37:14.075 [Test worker] DEBUG o.g.s.b.f.OptimizedAutowireCapableBeanFactory - Invoking afterPropertiesSet() on bean with name 'conversionService'
07:37:14.075 [Test worker] DEBUG o.g.s.b.f.OptimizedAutowireCapableBeanFactory - Finished creating instance of bean 'conversionService'
07:37:14.076 [Test worker] DEBUG o.g.s.b.f.OptimizedAutowireCapableBeanFactory - Pre-instantiating singletons in org.grails.spring.beans.factory.OptimizedAutowireCapableBeanFactory@72c22548: defining beans [org.springframework.context.annotation.internalConfigurationAnnotationProcessor,org.springframework.context.annotation.internalAutowiredAnnotationProcessor,org.springframework.context.annotation.internalRequiredAnnotationProcessor,org.springframework.context.annotation.internalCommonAnnotationProcessor,org.springframework.context.annotation.ConfigurationClassPostProcessor.importAwareProcessor,org.springframework.context.annotation.ConfigurationClassPostProcessor.enhancedConfigurationProcessor,defaultGrailslongConverter,filteringCodecsByContentTypeSettings,grailsConfigProperties,grailsWebDataBinder,defaultGrailsBigDecimalConverter,proxyHandler,defaultGrailsdoubleConverter,mimeTypes,gspTagLibraryLookup,abstractGrailsResourceLocator,eventBus,jspTagLibraryResolver,jsonDataBindingSourceCreator,groovyPageLocator,propertySourcesPlaceholderConfigurer,grailsMimeUtility,defaultDateConverter,reactorConfigurationReader,defaultGrailsjava.lang.DoubleConverter,timeZoneConverter,xmlDataBindingSourceCreator,defaultGrailsintConverter,multipartResolver,grailsConfigurationClassPostProcessor,rendererRegistry,reactorEnv,defaultGrailsfloatConverter,localeResolver,conversionService,org.springframework.aop.config.internalAutoProxyCreator,legacyGrailsApplication,classLoader,halJsonDataBindingSourceCreator,errorsXmlMarshallerRegisterer,dataBindingSourceRegistry,halXmlDataBindingSourceCreator,grailsPlaceholderConfigurer,grailsUrlMappingsHolder,defaultGrailsjava.lang.FloatConverter,grailsLinkGenerator,mapBasedSmartPropertyOverrideConfigurer,groovyPagesTemplateEngine,codecLookup,pluginManagerPostProcessor,defaultGrailsjava.lang.IntegerConverter,groovyPagesTemplateRenderer,grailsUrlConverter,errorsJsonMarshallerRegisterer,groovyPageUnitTestResourceLoader,org.grails.beans.ConstraintsEvaluator,grailsApplicationPostProcessor,grailsResourceLocator,customEditors,defaultGrailsjava.lang.LongConverter,messageSource,convertersConfigurationInitializer,defaultGrailsjava.lang.ShortConverter,defaultGrailsshortConverter,xmlErrorsMarshaller,defaultCurrencyConverter,mimeTypeResolver,consumerBeanAutoConfiguration,jsonErrorsMarshaller,defaultGrailsBigIntegerConverter]; root of factory hierarchy
07:37:14.077 [Test worker] DEBUG o.g.s.b.f.OptimizedAutowireCapableBeanFactory - Creating shared instance of singleton bean 'org.springframework.context.annotation.internalConfigurationAnnotationProcessor'
07:37:14.077 [Test worker] DEBUG o.g.s.b.f.OptimizedAutowireCapableBeanFactory - Creating instance of bean 'org.springframework.context.annotation.internalConfigurationAnnotationProcessor'
07:37:14.078 [Test worker] DEBUG o.g.s.b.f.OptimizedAutowireCapableBeanFactory - Eagerly caching bean 'org.springframework.context.annotation.internalConfigurationAnnotationProcessor' to allow for resolving potential circular references
07:37:14.079 [Test worker] DEBUG o.g.s.b.f.OptimizedAutowireCapableBeanFactory - Finished creating instance of bean 'org.springframework.context.annotation.internalConfigurationAnnotationProcessor'
07:37:14.079 [Test worker] DEBUG o.g.s.b.f.OptimizedAutowireCapableBeanFactory - Returning cached instance of singleton bean 'org.springframework.context.annotation.internalAutowiredAnnotationProcessor'
07:37:14.079 [Test worker] DEBUG o.g.s.b.f.OptimizedAutowireCapableBeanFactory - Returning cached instance of singleton bean 'org.springframework.context.annotation.internalRequiredAnnotationProcessor'
07:37:14.079 [Test worker] DEBUG o.g.s.b.f.OptimizedAutowireCapableBeanFactory - Returning cached instance of singleton bean 'org.springframework.context.annotation.internalCommonAnnotationProcessor'
07:37:14.079 [Test worker] DEBUG o.g.s.b.f.OptimizedAutowireCapableBeanFactory - Returning cached instance of singleton bean 'org.springframework.context.annotation.ConfigurationClassPostProcessor.importAwareProcessor'
07:37:14.080 [Test worker] DEBUG o.g.s.b.f.OptimizedAutowireCapableBeanFactory - Returning cached instance of singleton bean 'org.springframework.context.annotation.ConfigurationClassPostProcessor.enhancedConfigurationProcessor'
07:37:14.080 [Test worker] DEBUG o.g.s.b.f.OptimizedAutowireCapableBeanFactory - Creating shared instance of singleton bean 'defaultGrailslongConverter'
07:37:14.080 [Test worker] DEBUG o.g.s.b.f.OptimizedAutowireCapableBeanFactory - Creating instance of bean 'defaultGrailslongConverter'
07:37:14.083 [Test worker] DEBUG o.s.b.f.annotation.InjectionMetadata - Registered injected element on class [org.grails.databinding.converters.web.LocaleAwareNumberConverter]: AutowiredFieldElement for private org.springframework.web.servlet.LocaleResolver org.grails.databinding.converters.web.LocaleAwareNumberConverter.localeResolver
07:37:14.083 [Test worker] DEBUG o.g.s.b.f.OptimizedAutowireCapableBeanFactory - Eagerly caching bean 'defaultGrailslongConverter' to allow for resolving potential circular references
07:37:14.083 [Test worker] DEBUG o.s.b.f.annotation.InjectionMetadata - Processing injected element of bean 'defaultGrailslongConverter': AutowiredFieldElement for private org.springframework.web.servlet.LocaleResolver org.grails.databinding.converters.web.LocaleAwareNumberConverter.localeResolver
07:37:14.087 [Test worker] DEBUG o.g.s.b.f.OptimizedAutowireCapableBeanFactory - Creating shared instance of singleton bean 'eventBus'
07:37:14.087 [Test worker] DEBUG o.g.s.b.f.OptimizedAutowireCapableBeanFactory - Creating instance of bean 'eventBus'
07:37:14.088 [Test worker] DEBUG o.g.s.b.f.OptimizedAutowireCapableBeanFactory - Eagerly caching bean 'eventBus' to allow for resolving potential circular references
07:37:14.093 [Test worker] DEBUG o.g.s.b.f.OptimizedAutowireCapableBeanFactory - Creating shared instance of singleton bean 'reactorEnv'
07:37:14.093 [Test worker] DEBUG o.g.s.b.f.OptimizedAutowireCapableBeanFactory - Creating instance of bean 'reactorEnv'
07:37:14.094 [Test worker] DEBUG o.g.s.b.f.OptimizedAutowireCapableBeanFactory - Creating shared instance of singleton bean 'reactorConfigurationReader'
07:37:14.094 [Test worker] DEBUG o.g.s.b.f.OptimizedAutowireCapableBeanFactory - Creating instance of bean 'reactorConfigurationReader'
07:37:14.094 [Test worker] DEBUG o.g.s.b.f.OptimizedAutowireCapableBeanFactory - Creating shared instance of singleton bean 'grailsConfigProperties'
07:37:14.094 [Test worker] DEBUG o.g.s.b.f.OptimizedAutowireCapableBeanFactory - Creating instance of bean 'grailsConfigProperties'
07:37:14.096 [Test worker] DEBUG o.g.s.b.f.OptimizedAutowireCapableBeanFactory - Eagerly caching bean 'grailsConfigProperties' to allow for resolving potential circular references
07:37:14.096 [Test worker] DEBUG o.g.s.b.f.OptimizedAutowireCapableBeanFactory - Finished creating instance of bean 'grailsConfigProperties'
07:37:14.104 [Test worker] DEBUG o.g.s.b.f.OptimizedAutowireCapableBeanFactory - Eagerly caching bean 'reactorConfigurationReader' to allow for resolving potential circular references
07:37:14.104 [Test worker] DEBUG o.g.s.b.f.OptimizedAutowireCapableBeanFactory - Finished creating instance of bean 'reactorConfigurationReader'
07:37:14.110 [Test worker] DEBUG org.springframework.beans.BeanUtils - No property editor [java.util.MapEditor] found for type java.util.Map according to 'Editor' suffix convention
07:37:14.111 [Test worker] DEBUG o.g.s.b.f.OptimizedAutowireCapableBeanFactory - Eagerly caching bean 'reactorEnv' to allow for resolving potential circular references
07:37:14.113 [Test worker] DEBUG o.g.s.b.f.OptimizedAutowireCapableBeanFactory - Finished creating instance of bean 'reactorEnv'
07:37:14.113 [Test worker] DEBUG o.g.s.b.f.OptimizedAutowireCapableBeanFactory - Invoking afterPropertiesSet() on bean with name 'eventBus'
07:37:14.221 [Test worker] DEBUG o.g.s.b.f.OptimizedAutowireCapableBeanFactory - Finished creating instance of bean 'eventBus'
07:37:14.221 [Test worker] DEBUG o.g.s.b.f.OptimizedAutowireCapableBeanFactory - Creating shared instance of singleton bean 'classLoader'
07:37:14.221 [Test worker] DEBUG o.g.s.b.f.OptimizedAutowireCapableBeanFactory - Creating instance of bean 'classLoader'
07:37:14.222 [Test worker] DEBUG o.g.s.b.f.OptimizedAutowireCapableBeanFactory - Eagerly caching bean 'classLoader' to allow for resolving potential circular references
07:37:14.222 [Test worker] DEBUG o.g.s.b.f.OptimizedAutowireCapableBeanFactory - Returning cached instance of singleton bean 'grailsApplication'
07:37:14.222 [Test worker] DEBUG o.g.s.b.f.OptimizedAutowireCapableBeanFactory - Invoking afterPropertiesSet() on bean with name 'classLoader'
07:37:14.223 [Test worker] DEBUG o.g.s.b.f.OptimizedAutowireCapableBeanFactory - Finished creating instance of bean 'classLoader'
07:37:14.224 [Test worker] DEBUG o.g.s.b.f.OptimizedAutowireCapableBeanFactory - Creating shared instance of singleton bean 'localeResolver'
07:37:14.224 [Test worker] DEBUG o.g.s.b.f.OptimizedAutowireCapableBeanFactory - Creating instance of bean 'localeResolver'
07:37:14.225 [Test worker] DEBUG o.g.s.b.f.OptimizedAutowireCapableBeanFactory - Eagerly caching bean 'localeResolver' to allow for resolving potential circular references
07:37:14.228 [Test worker] DEBUG o.g.s.b.f.OptimizedAutowireCapableBeanFactory - Finished creating instance of bean 'localeResolver'
07:37:14.228 [Test worker] DEBUG o.s.b.f.a.AutowiredAnnotationBeanPostProcessor - Autowiring by type from bean name 'defaultGrailslongConverter' to bean named 'localeResolver'
07:37:14.229 [Test worker] DEBUG o.g.s.b.f.OptimizedAutowireCapableBeanFactory - Finished creating instance of bean 'defaultGrailslongConverter'
07:37:14.229 [Test worker] DEBUG o.g.s.b.f.OptimizedAutowireCapableBeanFactory - Creating shared instance of singleton bean 'filteringCodecsByContentTypeSettings'
07:37:14.229 [Test worker] DEBUG o.g.s.b.f.OptimizedAutowireCapableBeanFactory - Creating instance of bean 'filteringCodecsByContentTypeSettings'
07:37:14.230 [Test worker] DEBUG o.g.s.b.f.OptimizedAutowireCapableBeanFactory - Eagerly caching bean 'filteringCodecsByContentTypeSettings' to allow for resolving potential circular references
07:37:14.231 [Test worker] DEBUG o.g.s.b.f.OptimizedAutowireCapableBeanFactory - Finished creating instance of bean 'filteringCodecsByContentTypeSettings'
07:37:14.231 [Test worker] DEBUG o.g.s.b.f.OptimizedAutowireCapableBeanFactory - Returning cached instance of singleton bean 'grailsConfigProperties'
07:37:14.231 [Test worker] DEBUG o.g.s.b.f.OptimizedAutowireCapableBeanFactory - Creating shared instance of singleton bean 'grailsWebDataBinder'
07:37:14.231 [Test worker] DEBUG o.g.s.b.f.OptimizedAutowireCapableBeanFactory - Creating instance of bean 'grailsWebDataBinder'
07:37:14.256 [Test worker] DEBUG o.s.b.f.annotation.InjectionMetadata - Registered injected element on class [grails.web.databinding.GrailsWebDataBinder]: AutowiredMethodElement for public void grails.web.databinding.GrailsWebDataBinder.setStructuredBindingEditors(grails.databinding.TypedStructuredBindingEditor[])
07:37:14.256 [Test worker] DEBUG o.s.b.f.annotation.InjectionMetadata - Registered injected element on class [grails.web.databinding.GrailsWebDataBinder]: AutowiredMethodElement for public void grails.web.databinding.GrailsWebDataBinder.setValueConverters(grails.databinding.converters.ValueConverter[])
07:37:14.256 [Test worker] DEBUG o.s.b.f.annotation.InjectionMetadata - Registered injected element on class [grails.web.databinding.GrailsWebDataBinder]: AutowiredMethodElement for public void grails.web.databinding.GrailsWebDataBinder.setFormattedValueConverters(grails.databinding.converters.FormattedValueConverter[])
07:37:14.256 [Test worker] DEBUG o.s.b.f.annotation.InjectionMetadata - Registered injected element on class [grails.web.databinding.GrailsWebDataBinder]: AutowiredMethodElement for public void grails.web.databinding.GrailsWebDataBinder.setDataBindingListeners(grails.databinding.events.DataBindingListener[])
07:37:14.256 [Test worker] DEBUG o.s.b.f.annotation.InjectionMetadata - Registered injected element on class [grails.web.databinding.GrailsWebDataBinder]: AutowiredMethodElement for public void grails.web.databinding.GrailsWebDataBinder.setMessageSource(org.springframework.context.MessageSource)
07:37:14.256 [Test worker] DEBUG o.g.s.b.f.OptimizedAutowireCapableBeanFactory - Eagerly caching bean 'grailsWebDataBinder' to allow for resolving potential circular references
07:37:14.256 [Test worker] DEBUG o.s.b.f.annotation.InjectionMetadata - Processing injected element of bean 'grailsWebDataBinder': AutowiredMethodElement for public void grails.web.databinding.GrailsWebDataBinder.setStructuredBindingEditors(grails.databinding.TypedStructuredBindingEditor[])
07:37:14.257 [Test worker] DEBUG o.s.b.f.annotation.InjectionMetadata - Processing injected element of bean 'grailsWebDataBinder': AutowiredMethodElement for public void grails.web.databinding.GrailsWebDataBinder.setValueConverters(grails.databinding.converters.ValueConverter[])
07:37:14.258 [Test worker] DEBUG o.g.s.b.f.OptimizedAutowireCapableBeanFactory - Returning cached instance of singleton bean 'defaultGrailslongConverter'
07:37:14.258 [Test worker] DEBUG o.g.s.b.f.OptimizedAutowireCapableBeanFactory - Creating shared instance of singleton bean 'defaultGrailsBigDecimalConverter'
07:37:14.258 [Test worker] DEBUG o.g.s.b.f.OptimizedAutowireCapableBeanFactory - Creating instance of bean 'defaultGrailsBigDecimalConverter'
07:37:14.260 [Test worker] DEBUG o.s.b.f.annotation.InjectionMetadata - Registered injected element on class [org.grails.databinding.converters.web.LocaleAwareBigDecimalConverter]: AutowiredFieldElement for private org.springframework.web.servlet.LocaleResolver org.grails.databinding.converters.web.LocaleAwareNumberConverter.localeResolver
07:37:14.260 [Test worker] DEBUG o.g.s.b.f.OptimizedAutowireCapableBeanFactory - Eagerly caching bean 'defaultGrailsBigDecimalConverter' to allow for resolving potential circular references
07:37:14.260 [Test worker] DEBUG o.s.b.f.annotation.InjectionMetadata - Processing injected element of bean 'defaultGrailsBigDecimalConverter': AutowiredFieldElement for private org.springframework.web.servlet.LocaleResolver org.grails.databinding.converters.web.LocaleAwareNumberConverter.localeResolver
07:37:14.260 [Test worker] DEBUG o.g.s.b.f.OptimizedAutowireCapableBeanFactory - Returning cached instance of singleton bean 'localeResolver'
07:37:14.260 [Test worker] DEBUG o.s.b.f.a.AutowiredAnnotationBeanPostProcessor - Autowiring by type from bean name 'defaultGrailsBigDecimalConverter' to bean named 'localeResolver'
07:37:14.260 [Test worker] DEBUG o.g.s.b.f.OptimizedAutowireCapableBeanFactory - Finished creating instance of bean 'defaultGrailsBigDecimalConverter'
07:37:14.260 [Test worker] DEBUG o.g.s.b.f.OptimizedAutowireCapableBeanFactory - Creating shared instance of singleton bean 'defaultGrailsdoubleConverter'
07:37:14.260 [Test worker] DEBUG o.g.s.b.f.OptimizedAutowireCapableBeanFactory - Creating instance of bean 'defaultGrailsdoubleConverter'
07:37:14.261 [Test worker] DEBUG o.s.b.f.annotation.InjectionMetadata - Registered injected element on class [org.grails.databinding.converters.web.LocaleAwareNumberConverter]: AutowiredFieldElement for private org.springframework.web.servlet.LocaleResolver org.grails.databinding.converters.web.LocaleAwareNumberConverter.localeResolver
07:37:14.261 [Test worker] DEBUG o.g.s.b.f.OptimizedAutowireCapableBeanFactory - Eagerly caching bean 'defaultGrailsdoubleConverter' to allow for resolving potential circular references
07:37:14.261 [Test worker] DEBUG o.s.b.f.annotation.InjectionMetadata - Processing injected element of bean 'defaultGrailsdoubleConverter': AutowiredFieldElement for private org.springframework.web.servlet.LocaleResolver org.grails.databinding.converters.web.LocaleAwareNumberConverter.localeResolver
07:37:14.261 [Test worker] DEBUG o.g.s.b.f.OptimizedAutowireCapableBeanFactory - Returning cached instance of singleton bean 'localeResolver'
07:37:14.261 [Test worker] DEBUG o.s.b.f.a.AutowiredAnnotationBeanPostProcessor - Autowiring by type from bean name 'defaultGrailsdoubleConverter' to bean named 'localeResolver'
07:37:14.261 [Test worker] DEBUG o.g.s.b.f.OptimizedAutowireCapableBeanFactory - Finished creating instance of bean 'defaultGrailsdoubleConverter'
07:37:14.261 [Test worker] DEBUG o.g.s.b.f.OptimizedAutowireCapableBeanFactory - Creating shared instance of singleton bean 'defaultDateConverter'
07:37:14.261 [Test worker] DEBUG o.g.s.b.f.OptimizedAutowireCapableBeanFactory - Creating instance of bean 'defaultDateConverter'
07:37:14.263 [Test worker] DEBUG o.g.s.b.f.OptimizedAutowireCapableBeanFactory - Eagerly caching bean 'defaultDateConverter' to allow for resolving potential circular references
07:37:14.263 [Test worker] DEBUG o.g.s.b.f.OptimizedAutowireCapableBeanFactory - Finished creating instance of bean 'defaultDateConverter'
07:37:14.263 [Test worker] DEBUG o.g.s.b.f.OptimizedAutowireCapableBeanFactory - Creating shared instance of singleton bean 'defaultGrailsjava.lang.DoubleConverter'
07:37:14.263 [Test worker] DEBUG o.g.s.b.f.OptimizedAutowireCapableBeanFactory - Creating instance of bean 'defaultGrailsjava.lang.DoubleConverter'
07:37:14.263 [Test worker] DEBUG o.s.b.f.annotation.InjectionMetadata - Registered injected element on class [org.grails.databinding.converters.web.LocaleAwareNumberConverter]: AutowiredFieldElement for private org.springframework.web.servlet.LocaleResolver org.grails.databinding.converters.web.LocaleAwareNumberConverter.localeResolver
07:37:14.263 [Test worker] DEBUG o.g.s.b.f.OptimizedAutowireCapableBeanFactory - Eagerly caching bean 'defaultGrailsjava.lang.DoubleConverter' to allow for resolving potential circular references
07:37:14.263 [Test worker] DEBUG o.s.b.f.annotation.InjectionMetadata - Processing injected element of bean 'defaultGrailsjava.lang.DoubleConverter': AutowiredFieldElement for private org.springframework.web.servlet.LocaleResolver org.grails.databinding.converters.web.LocaleAwareNumberConverter.localeResolver
07:37:14.263 [Test worker] DEBUG o.g.s.b.f.OptimizedAutowireCapableBeanFactory - Returning cached instance of singleton bean 'localeResolver'
07:37:14.263 [Test worker] DEBUG o.s.b.f.a.AutowiredAnnotationBeanPostProcessor - Autowiring by type from bean name 'defaultGrailsjava.lang.DoubleConverter' to bean named 'localeResolver'
07:37:14.263 [Test worker] DEBUG o.g.s.b.f.OptimizedAutowireCapableBeanFactory - Finished creating instance of bean 'defaultGrailsjava.lang.DoubleConverter'
07:37:14.263 [Test worker] DEBUG o.g.s.b.f.OptimizedAutowireCapableBeanFactory - Creating shared instance of singleton bean 'timeZoneConverter'
07:37:14.263 [Test worker] DEBUG o.g.s.b.f.OptimizedAutowireCapableBeanFactory - Creating instance of bean 'timeZoneConverter'
07:37:14.265 [Test worker] DEBUG o.g.s.b.f.OptimizedAutowireCapableBeanFactory - Eagerly caching bean 'timeZoneConverter' to allow for resolving potential circular references
07:37:14.265 [Test worker] DEBUG o.g.s.b.f.OptimizedAutowireCapableBeanFactory - Finished creating instance of bean 'timeZoneConverter'
07:37:14.265 [Test worker] DEBUG o.g.s.b.f.OptimizedAutowireCapableBeanFactory - Creating shared instance of singleton bean 'defaultGrailsintConverter'
07:37:14.265 [Test worker] DEBUG o.g.s.b.f.OptimizedAutowireCapableBeanFactory - Creating instance of bean 'defaultGrailsintConverter'
07:37:14.266 [Test worker] DEBUG o.s.b.f.annotation.InjectionMetadata - Registered injected element on class [org.grails.databinding.converters.web.LocaleAwareNumberConverter]: AutowiredFieldElement for private org.springframework.web.servlet.LocaleResolver org.grails.databinding.converters.web.LocaleAwareNumberConverter.localeResolver
07:37:14.266 [Test worker] DEBUG o.g.s.b.f.OptimizedAutowireCapableBeanFactory - Eagerly caching bean 'defaultGrailsintConverter' to allow for resolving potential circular references
07:37:14.266 [Test worker] DEBUG o.s.b.f.annotation.InjectionMetadata - Processing injected element of bean 'defaultGrailsintConverter': AutowiredFieldElement for private org.springframework.web.servlet.LocaleResolver org.grails.databinding.converters.web.LocaleAwareNumberConverter.localeResolver
07:37:14.266 [Test worker] DEBUG o.g.s.b.f.OptimizedAutowireCapableBeanFactory - Returning cached instance of singleton bean 'localeResolver'
07:37:14.266 [Test worker] DEBUG o.s.b.f.a.AutowiredAnnotationBeanPostProcessor - Autowiring by type from bean name 'defaultGrailsintConverter' to bean named 'localeResolver'
07:37:14.266 [Test worker] DEBUG o.g.s.b.f.OptimizedAutowireCapableBeanFactory - Finished creating instance of bean 'defaultGrailsintConverter'
07:37:14.266 [Test worker] DEBUG o.g.s.b.f.OptimizedAutowireCapableBeanFactory - Creating shared instance of singleton bean 'defaultGrailsfloatConverter'
07:37:14.266 [Test worker] DEBUG o.g.s.b.f.OptimizedAutowireCapableBeanFactory - Creating instance of bean 'defaultGrailsfloatConverter'
07:37:14.266 [Test worker] DEBUG o.s.b.f.annotation.InjectionMetadata - Registered injected element on class [org.grails.databinding.converters.web.LocaleAwareNumberConverter]: AutowiredFieldElement for private org.springframework.web.servlet.LocaleResolver org.grails.databinding.converters.web.LocaleAwareNumberConverter.localeResolver
07:37:14.266 [Test worker] DEBUG o.g.s.b.f.OptimizedAutowireCapableBeanFactory - Eagerly caching bean 'defaultGrailsfloatConverter' to allow for resolving potential circular references
07:37:14.266 [Test worker] DEBUG o.s.b.f.annotation.InjectionMetadata - Processing injected element of bean 'defaultGrailsfloatConverter': AutowiredFieldElement for private org.springframework.web.servlet.LocaleResolver org.grails.databinding.converters.web.LocaleAwareNumberConverter.localeResolver
07:37:14.266 [Test worker] DEBUG o.g.s.b.f.OptimizedAutowireCapableBeanFactory - Returning cached instance of singleton bean 'localeResolver'
07:37:14.266 [Test worker] DEBUG o.s.b.f.a.AutowiredAnnotationBeanPostProcessor - Autowiring by type from bean name 'defaultGrailsfloatConverter' to bean named 'localeResolver'
07:37:14.267 [Test worker] DEBUG o.g.s.b.f.OptimizedAutowireCapableBeanFactory - Finished creating instance of bean 'defaultGrailsfloatConverter'
07:37:14.267 [Test worker] DEBUG o.g.s.b.f.OptimizedAutowireCapableBeanFactory - Creating shared instance of singleton bean 'defaultGrailsjava.lang.FloatConverter'
07:37:14.267 [Test worker] DEBUG o.g.s.b.f.OptimizedAutowireCapableBeanFactory - Creating instance of bean 'defaultGrailsjava.lang.FloatConverter'
07:37:14.267 [Test worker] DEBUG o.s.b.f.annotation.InjectionMetadata - Registered injected element on class [org.grails.databinding.converters.web.LocaleAwareNumberConverter]: AutowiredFieldElement for private org.springframework.web.servlet.LocaleResolver org.grails.databinding.converters.web.LocaleAwareNumberConverter.localeResolver
07:37:14.267 [Test worker] DEBUG o.g.s.b.f.OptimizedAutowireCapableBeanFactory - Eagerly caching bean 'defaultGrailsjava.lang.FloatConverter' to allow for resolving potential circular references
07:37:14.267 [Test worker] DEBUG o.s.b.f.annotation.InjectionMetadata - Processing injected element of bean 'defaultGrailsjava.lang.FloatConverter': AutowiredFieldElement for private org.springframework.web.servlet.LocaleResolver org.grails.databinding.converters.web.LocaleAwareNumberConverter.localeResolver
07:37:14.267 [Test worker] DEBUG o.g.s.b.f.OptimizedAutowireCapableBeanFactory - Returning cached instance of singleton bean 'localeResolver'
07:37:14.267 [Test worker] DEBUG o.s.b.f.a.AutowiredAnnotationBeanPostProcessor - Autowiring by type from bean name 'defaultGrailsjava.lang.FloatConverter' to bean named 'localeResolver'
07:37:14.267 [Test worker] DEBUG o.g.s.b.f.OptimizedAutowireCapableBeanFactory - Finished creating instance of bean 'defaultGrailsjava.lang.FloatConverter'
07:37:14.267 [Test worker] DEBUG o.g.s.b.f.OptimizedAutowireCapableBeanFactory - Creating shared instance of singleton bean 'defaultGrailsjava.lang.IntegerConverter'
07:37:14.268 [Test worker] DEBUG o.g.s.b.f.OptimizedAutowireCapableBeanFactory - Creating instance of bean 'defaultGrailsjava.lang.IntegerConverter'
07:37:14.268 [Test worker] DEBUG o.s.b.f.annotation.InjectionMetadata - Registered injected element on class [org.grails.databinding.converters.web.LocaleAwareNumberConverter]: AutowiredFieldElement for private org.springframework.web.servlet.LocaleResolver org.grails.databinding.converters.web.LocaleAwareNumberConverter.localeResolver
07:37:14.268 [Test worker] DEBUG o.g.s.b.f.OptimizedAutowireCapableBeanFactory - Eagerly caching bean 'defaultGrailsjava.lang.IntegerConverter' to allow for resolving potential circular references
07:37:14.268 [Test worker] DEBUG o.s.b.f.annotation.InjectionMetadata - Processing injected element of bean 'defaultGrailsjava.lang.IntegerConverter': AutowiredFieldElement for private org.springframework.web.servlet.LocaleResolver org.grails.databinding.converters.web.LocaleAwareNumberConverter.localeResolver
07:37:14.268 [Test worker] DEBUG o.g.s.b.f.OptimizedAutowireCapableBeanFactory - Returning cached instance of singleton bean 'localeResolver'
07:37:14.268 [Test worker] DEBUG o.s.b.f.a.AutowiredAnnotationBeanPostProcessor - Autowiring by type from bean name 'defaultGrailsjava.lang.IntegerConverter' to bean named 'localeResolver'
07:37:14.268 [Test worker] DEBUG o.g.s.b.f.OptimizedAutowireCapableBeanFactory - Finished creating instance of bean 'defaultGrailsjava.lang.IntegerConverter'
07:37:14.268 [Test worker] DEBUG o.g.s.b.f.OptimizedAutowireCapableBeanFactory - Creating shared instance of singleton bean 'defaultGrailsjava.lang.LongConverter'
07:37:14.268 [Test worker] DEBUG o.g.s.b.f.OptimizedAutowireCapableBeanFactory - Creating instance of bean 'defaultGrailsjava.lang.LongConverter'
07:37:14.268 [Test worker] DEBUG o.s.b.f.annotation.InjectionMetadata - Registered injected element on class [org.grails.databinding.converters.web.LocaleAwareNumberConverter]: AutowiredFieldElement for private org.springframework.web.servlet.LocaleResolver org.grails.databinding.converters.web.LocaleAwareNumberConverter.localeResolver
07:37:14.268 [Test worker] DEBUG o.g.s.b.f.OptimizedAutowireCapableBeanFactory - Eagerly caching bean 'defaultGrailsjava.lang.LongConverter' to allow for resolving potential circular references
07:37:14.269 [Test worker] DEBUG o.s.b.f.annotation.InjectionMetadata - Processing injected element of bean 'defaultGrailsjava.lang.LongConverter': AutowiredFieldElement for private org.springframework.web.servlet.LocaleResolver org.grails.databinding.converters.web.LocaleAwareNumberConverter.localeResolver
07:37:14.269 [Test worker] DEBUG o.g.s.b.f.OptimizedAutowireCapableBeanFactory - Returning cached instance of singleton bean 'localeResolver'
07:37:14.269 [Test worker] DEBUG o.s.b.f.a.AutowiredAnnotationBeanPostProcessor - Autowiring by type from bean name 'defaultGrailsjava.lang.LongConverter' to bean named 'localeResolver'
07:37:14.269 [Test worker] DEBUG o.g.s.b.f.OptimizedAutowireCapableBeanFactory - Finished creating instance of bean 'defaultGrailsjava.lang.LongConverter'
07:37:14.269 [Test worker] DEBUG o.g.s.b.f.OptimizedAutowireCapableBeanFactory - Creating shared instance of singleton bean 'defaultGrailsjava.lang.ShortConverter'
07:37:14.269 [Test worker] DEBUG o.g.s.b.f.OptimizedAutowireCapableBeanFactory - Creating instance of bean 'defaultGrailsjava.lang.ShortConverter'
07:37:14.269 [Test worker] DEBUG o.s.b.f.annotation.InjectionMetadata - Registered injected element on class [org.grails.databinding.converters.web.LocaleAwareNumberConverter]: AutowiredFieldElement for private org.springframework.web.servlet.LocaleResolver org.grails.databinding.converters.web.LocaleAwareNumberConverter.localeResolver
07:37:14.269 [Test worker] DEBUG o.g.s.b.f.OptimizedAutowireCapableBeanFactory - Eagerly caching bean 'defaultGrailsjava.lang.ShortConverter' to allow for resolving potential circular references
07:37:14.269 [Test worker] DEBUG o.s.b.f.annotation.InjectionMetadata - Processing injected element of bean 'defaultGrailsjava.lang.ShortConverter': AutowiredFieldElement for private org.springframework.web.servlet.LocaleResolver org.grails.databinding.converters.web.LocaleAwareNumberConverter.localeResolver
07:37:14.269 [Test worker] DEBUG o.g.s.b.f.OptimizedAutowireCapableBeanFactory - Returning cached instance of singleton bean 'localeResolver'
07:37:14.269 [Test worker] DEBUG o.s.b.f.a.AutowiredAnnotationBeanPostProcessor - Autowiring by type from bean name 'defaultGrailsjava.lang.ShortConverter' to bean named 'localeResolver'
07:37:14.270 [Test worker] DEBUG o.g.s.b.f.OptimizedAutowireCapableBeanFactory - Finished creating instance of bean 'defaultGrailsjava.lang.ShortConverter'
07:37:14.270 [Test worker] DEBUG o.g.s.b.f.OptimizedAutowireCapableBeanFactory - Creating shared instance of singleton bean 'defaultGrailsshortConverter'
07:37:14.270 [Test worker] DEBUG o.g.s.b.f.OptimizedAutowireCapableBeanFactory - Creating instance of bean 'defaultGrailsshortConverter'
07:37:14.270 [Test worker] DEBUG o.s.b.f.annotation.InjectionMetadata - Registered injected element on class [org.grails.databinding.converters.web.LocaleAwareNumberConverter]: AutowiredFieldElement for private org.springframework.web.servlet.LocaleResolver org.grails.databinding.converters.web.LocaleAwareNumberConverter.localeResolver
07:37:14.270 [Test worker] DEBUG o.g.s.b.f.OptimizedAutowireCapableBeanFactory - Eagerly caching bean 'defaultGrailsshortConverter' to allow for resolving potential circular references
07:37:14.271 [Test worker] DEBUG o.s.b.f.annotation.InjectionMetadata - Processing injected element of bean 'defaultGrailsshortConverter': AutowiredFieldElement for private org.springframework.web.servlet.LocaleResolver org.grails.databinding.converters.web.LocaleAwareNumberConverter.localeResolver
07:37:14.271 [Test worker] DEBUG o.g.s.b.f.OptimizedAutowireCapableBeanFactory - Returning cached instance of singleton bean 'localeResolver'
07:37:14.271 [Test worker] DEBUG o.s.b.f.a.AutowiredAnnotationBeanPostProcessor - Autowiring by type from bean name 'defaultGrailsshortConverter' to bean named 'localeResolver'
07:37:14.271 [Test worker] DEBUG o.g.s.b.f.OptimizedAutowireCapableBeanFactory - Finished creating instance of bean 'defaultGrailsshortConverter'
07:37:14.271 [Test worker] DEBUG o.g.s.b.f.OptimizedAutowireCapableBeanFactory - Creating shared instance of singleton bean 'defaultCurrencyConverter'
07:37:14.271 [Test worker] DEBUG o.g.s.b.f.OptimizedAutowireCapableBeanFactory - Creating instance of bean 'defaultCurrencyConverter'
07:37:14.273 [Test worker] DEBUG o.g.s.b.f.OptimizedAutowireCapableBeanFactory - Eagerly caching bean 'defaultCurrencyConverter' to allow for resolving potential circular references
07:37:14.273 [Test worker] DEBUG o.g.s.b.f.OptimizedAutowireCapableBeanFactory - Finished creating instance of bean 'defaultCurrencyConverter'
07:37:14.273 [Test worker] DEBUG o.g.s.b.f.OptimizedAutowireCapableBeanFactory - Creating shared instance of singleton bean 'defaultGrailsBigIntegerConverter'
07:37:14.274 [Test worker] DEBUG o.g.s.b.f.OptimizedAutowireCapableBeanFactory - Creating instance of bean 'defaultGrailsBigIntegerConverter'
07:37:14.274 [Test worker] DEBUG o.s.b.f.annotation.InjectionMetadata - Registered injected element on class [org.grails.databinding.converters.web.LocaleAwareBigDecimalConverter]: AutowiredFieldElement for private org.springframework.web.servlet.LocaleResolver org.grails.databinding.converters.web.LocaleAwareNumberConverter.localeResolver
07:37:14.274 [Test worker] DEBUG o.g.s.b.f.OptimizedAutowireCapableBeanFactory - Eagerly caching bean 'defaultGrailsBigIntegerConverter' to allow for resolving potential circular references
07:37:14.274 [Test worker] DEBUG o.s.b.f.annotation.InjectionMetadata - Processing injected element of bean 'defaultGrailsBigIntegerConverter': AutowiredFieldElement for private org.springframework.web.servlet.LocaleResolver org.grails.databinding.converters.web.LocaleAwareNumberConverter.localeResolver
07:37:14.274 [Test worker] DEBUG o.g.s.b.f.OptimizedAutowireCapableBeanFactory - Returning cached instance of singleton bean 'localeResolver'
07:37:14.274 [Test worker] DEBUG o.s.b.f.a.AutowiredAnnotationBeanPostProcessor - Autowiring by type from bean name 'defaultGrailsBigIntegerConverter' to bean named 'localeResolver'
07:37:14.274 [Test worker] DEBUG o.g.s.b.f.OptimizedAutowireCapableBeanFactory - Finished creating instance of bean 'defaultGrailsBigIntegerConverter'
07:37:14.276 [Test worker] DEBUG o.s.b.f.a.AutowiredAnnotationBeanPostProcessor - Autowiring by type from bean name 'grailsWebDataBinder' to bean named 'defaultGrailslongConverter'
07:37:14.276 [Test worker] DEBUG o.s.b.f.a.AutowiredAnnotationBeanPostProcessor - Autowiring by type from bean name 'grailsWebDataBinder' to bean named 'defaultGrailsBigDecimalConverter'
07:37:14.276 [Test worker] DEBUG o.s.b.f.a.AutowiredAnnotationBeanPostProcessor - Autowiring by type from bean name 'grailsWebDataBinder' to bean named 'defaultGrailsdoubleConverter'
07:37:14.276 [Test worker] DEBUG o.s.b.f.a.AutowiredAnnotationBeanPostProcessor - Autowiring by type from bean name 'grailsWebDataBinder' to bean named 'defaultDateConverter'
07:37:14.276 [Test worker] DEBUG o.s.b.f.a.AutowiredAnnotationBeanPostProcessor - Autowiring by type from bean name 'grailsWebDataBinder' to bean named 'defaultGrailsjava.lang.DoubleConverter'
07:37:14.276 [Test worker] DEBUG o.s.b.f.a.AutowiredAnnotationBeanPostProcessor - Autowiring by type from bean name 'grailsWebDataBinder' to bean named 'timeZoneConverter'
07:37:14.276 [Test worker] DEBUG o.s.b.f.a.AutowiredAnnotationBeanPostProcessor - Autowiring by type from bean name 'grailsWebDataBinder' to bean named 'defaultGrailsintConverter'
07:37:14.276 [Test worker] DEBUG o.s.b.f.a.AutowiredAnnotationBeanPostProcessor - Autowiring by type from bean name 'grailsWebDataBinder' to bean named 'defaultGrailsfloatConverter'
07:37:14.276 [Test worker] DEBUG o.s.b.f.a.AutowiredAnnotationBeanPostProcessor - Autowiring by type from bean name 'grailsWebDataBinder' to bean named 'defaultGrailsjava.lang.FloatConverter'
07:37:14.276 [Test worker] DEBUG o.s.b.f.a.AutowiredAnnotationBeanPostProcessor - Autowiring by type from bean name 'grailsWebDataBinder' to bean named 'defaultGrailsjava.lang.IntegerConverter'
07:37:14.276 [Test worker] DEBUG o.s.b.f.a.AutowiredAnnotationBeanPostProcessor - Autowiring by type from bean name 'grailsWebDataBinder' to bean named 'defaultGrailsjava.lang.LongConverter'
07:37:14.276 [Test worker] DEBUG o.s.b.f.a.AutowiredAnnotationBeanPostProcessor - Autowiring by type from bean name 'grailsWebDataBinder' to bean named 'defaultGrailsjava.lang.ShortConverter'
07:37:14.276 [Test worker] DEBUG o.s.b.f.a.AutowiredAnnotationBeanPostProcessor - Autowiring by type from bean name 'grailsWebDataBinder' to bean named 'defaultGrailsshortConverter'
07:37:14.276 [Test worker] DEBUG o.s.b.f.a.AutowiredAnnotationBeanPostProcessor - Autowiring by type from bean name 'grailsWebDataBinder' to bean named 'defaultCurrencyConverter'
07:37:14.276 [Test worker] DEBUG o.s.b.f.a.AutowiredAnnotationBeanPostProcessor - Autowiring by type from bean name 'grailsWebDataBinder' to bean named 'defaultGrailsBigIntegerConverter'
[...]
07:37:14.990 [Test worker] DEBUG o.s.c.e.PropertySourcesPropertyResolver - Could not find key 'grails.gsp.tldScanPattern:' in any property source. Returning [null]
07:37:14.990 [Test worker] DEBUG o.s.c.e.PropertySourcesPropertyResolver - Searching for key 'grails.gsp.tldScanPattern' in [environmentProperties]
07:37:14.990 [Test worker] DEBUG o.s.c.e.PropertySourcesPropertyResolver - Searching for key 'grails.gsp.tldScanPattern' in [servletConfigInitParams]
07:37:14.990 [Test worker] DEBUG o.s.c.e.PropertySourcesPropertyResolver - Searching for key 'grails.gsp.tldScanPattern' in [servletContextInitParams]
07:37:14.990 [Test worker] DEBUG o.s.c.e.PropertySourcesPropertyResolver - Searching for key 'grails.gsp.tldScanPattern' in [systemProperties]
07:37:14.990 [Test worker] DEBUG o.s.c.e.PropertySourcesPropertyResolver - Searching for key 'grails.gsp.tldScanPattern' in [systemEnvironment]
07:37:14.990 [Test worker] DEBUG o.s.c.e.PropertySourcesPropertyResolver - Searching for key 'grails.gsp.tldScanPattern' in [random]
07:37:14.990 [Test worker] DEBUG o.s.c.e.PropertySourcesPropertyResolver - Searching for key 'grails.gsp.tldScanPattern' in [grails.environment]
07:37:14.990 [Test worker] DEBUG o.s.c.e.PropertySourcesPropertyResolver - Could not find key 'grails.gsp.tldScanPattern' in any property source. Returning [null]
07:37:14.990 [Test worker] DEBUG o.s.c.e.PropertySourcesPropertyResolver - Searching for key 'grails.gsp.tldScanPattern' in [localProperties]
07:37:14.990 [Test worker] DEBUG o.s.c.e.PropertySourcesPropertyResolver - Could not find key 'grails.gsp.tldScanPattern' in any property source. Returning [null]
07:37:14.990 [Test worker] DEBUG o.s.c.e.PropertySourcesPropertyResolver - Searching for key 'spring.gsp.tldScanPattern:' in [environmentProperties]
07:37:14.990 [Test worker] DEBUG o.s.c.e.PropertySourcesPropertyResolver - Searching for key 'spring.gsp.tldScanPattern:' in [servletConfigInitParams]
07:37:14.990 [Test worker] DEBUG o.s.c.e.PropertySourcesPropertyResolver - Searching for key 'spring.gsp.tldScanPattern:' in [servletContextInitParams]
07:37:14.990 [Test worker] DEBUG o.s.c.e.PropertySourcesPropertyResolver - Searching for key 'spring.gsp.tldScanPattern:' in [systemProperties]
07:37:14.990 [Test worker] DEBUG o.s.c.e.PropertySourcesPropertyResolver - Searching for key 'spring.gsp.tldScanPattern:' in [systemEnvironment]
07:37:14.990 [Test worker] DEBUG o.s.c.e.PropertySourcesPropertyResolver - Searching for key 'spring.gsp.tldScanPattern:' in [random]
07:37:14.990 [Test worker] DEBUG o.s.c.e.PropertySourcesPropertyResolver - Searching for key 'spring.gsp.tldScanPattern:' in [grails.environment]
07:37:14.990 [Test worker] DEBUG o.s.c.e.PropertySourcesPropertyResolver - Could not find key 'spring.gsp.tldScanPattern:' in any property source. Returning [null]
07:37:14.990 [Test worker] DEBUG o.s.c.e.PropertySourcesPropertyResolver - Searching for key 'spring.gsp.tldScanPattern:' in [localProperties]
07:37:14.990 [Test worker] DEBUG o.s.c.e.PropertySourcesPropertyResolver - Could not find key 'spring.gsp.tldScanPattern:' in any property source. Returning [null]
07:37:14.990 [Test worker] DEBUG o.s.c.e.PropertySourcesPropertyResolver - Searching for key 'spring.gsp.tldScanPattern' in [environmentProperties]
07:37:14.990 [Test worker] DEBUG o.s.c.e.PropertySourcesPropertyResolver - Searching for key 'spring.gsp.tldScanPattern' in [servletConfigInitParams]
07:37:14.990 [Test worker] DEBUG o.s.c.e.PropertySourcesPropertyResolver - Searching for key 'spring.gsp.tldScanPattern' in [servletContextInitParams]
07:37:14.990 [Test worker] DEBUG o.s.c.e.PropertySourcesPropertyResolver - Searching for key 'spring.gsp.tldScanPattern' in [systemProperties]
07:37:14.990 [Test worker] DEBUG o.s.c.e.PropertySourcesPropertyResolver - Searching for key 'spring.gsp.tldScanPattern' in [systemEnvironment]
07:37:14.990 [Test worker] DEBUG o.s.c.e.PropertySourcesPropertyResolver - Searching for key 'spring.gsp.tldScanPattern' in [random]
07:37:14.990 [Test worker] DEBUG o.s.c.e.PropertySourcesPropertyResolver - Searching for key 'spring.gsp.tldScanPattern' in [grails.environment]
07:37:14.990 [Test worker] DEBUG o.s.c.e.PropertySourcesPropertyResolver - Could not find key 'spring.gsp.tldScanPattern' in any property source. Returning [null]
07:37:14.990 [Test worker] DEBUG o.s.c.e.PropertySourcesPropertyResolver - Searching for key 'spring.gsp.tldScanPattern' in [localProperties]
07:37:14.990 [Test worker] DEBUG o.s.c.e.PropertySourcesPropertyResolver - Could not find key 'spring.gsp.tldScanPattern' in any property source. Returning [null]
07:37:15.006 [Test worker] DEBUG o.g.s.b.f.OptimizedAutowireCapableBeanFactory - Finished creating instance of bean 'jspTagLibraryResolver'
07:37:15.006 [Test worker] DEBUG o.g.s.b.f.OptimizedAutowireCapableBeanFactory - Returning cached instance of singleton bean 'groovyPageLocator'
07:37:15.006 [Test worker] DEBUG o.g.s.b.f.OptimizedAutowireCapableBeanFactory - Returning cached instance of singleton bean 'grailsApplication'
07:37:15.006 [Test worker] DEBUG o.g.s.b.f.OptimizedAutowireCapableBeanFactory - Invoking afterPropertiesSet() on bean with name 'groovyPagesTemplateEngine'
07:37:15.007 [Test worker] DEBUG o.g.s.b.f.OptimizedAutowireCapableBeanFactory - Finished creating instance of bean 'groovyPagesTemplateEngine'
07:37:15.008 [Test worker] DEBUG o.g.s.b.f.OptimizedAutowireCapableBeanFactory - Creating shared instance of singleton bean 'groovyPagesTemplateRenderer'
07:37:15.008 [Test worker] DEBUG o.g.s.b.f.OptimizedAutowireCapableBeanFactory - Creating instance of bean 'groovyPagesTemplateRenderer'
07:37:15.009 [Test worker] DEBUG o.g.s.b.f.OptimizedAutowireCapableBeanFactory - Eagerly caching bean 'groovyPagesTemplateRenderer' to allow for resolving potential circular references
07:37:15.010 [Test worker] DEBUG o.g.s.b.f.OptimizedAutowireCapableBeanFactory - Returning cached instance of singleton bean 'groovyPageLocator'
07:37:15.010 [Test worker] DEBUG o.g.s.b.f.OptimizedAutowireCapableBeanFactory - Returning cached instance of singleton bean 'groovyPagesTemplateEngine'
07:37:15.010 [Test worker] DEBUG o.g.s.b.f.OptimizedAutowireCapableBeanFactory - Invoking afterPropertiesSet() on bean with name 'groovyPagesTemplateRenderer'
07:37:15.010 [Test worker] DEBUG o.g.s.b.f.OptimizedAutowireCapableBeanFactory - Finished creating instance of bean 'groovyPagesTemplateRenderer'
07:37:15.013 [Test worker] DEBUG grails.core.DefaultGrailsApplication - loaded classes: [[class asset.pipeline.grails.AssetMethodTagLib]]
07:37:15.013 [Test worker] DEBUG grails.core.DefaultGrailsApplication - Going to inspect artefact classes.
07:37:15.013 [Test worker] DEBUG grails.core.DefaultGrailsApplication - Inspecting [asset.pipeline.grails.AssetMethodTagLib]
07:37:15.013 [Test worker] DEBUG grails.core.DefaultGrailsApplication - Adding artefact class asset.pipeline.grails.AssetMethodTagLib of kind TagLib
07:37:15.015 [Test worker] INFO  o.s.w.c.s.GenericWebApplicationContext - Closing org.springframework.web.context.support.GenericWebApplicationContext@6caba175: startup date [Thu Aug 13 07:37:13 EDT 2015]; root of context hierarchy
07:37:15.015 [Test worker] DEBUG o.g.s.b.f.OptimizedAutowireCapableBeanFactory - Returning cached instance of singleton bean 'grailsApplication'
07:37:15.026 [Test worker] WARN  o.s.w.c.s.GenericWebApplicationContext - Exception thrown from ApplicationListener handling ContextClosedEvent
java.lang.NullPointerException: null
	at grails.boot.GrailsApp.setDevelopmentModeActive(GrailsApp.groovy:207) ~[grails-core-3.0.3.jar:3.0.3]
	at grails.boot.config.GrailsApplicationPostProcessor.onApplicationEvent(GrailsApplicationPostProcessor.groovy:249) ~[grails-core-3.0.3.jar:3.0.3]
	at grails.boot.config.GrailsApplicationPostProcessor.onApplicationEvent(GrailsApplicationPostProcessor.groovy) ~[grails-core-3.0.3.jar:3.0.3]
	at org.springframework.context.event.SimpleApplicationEventMulticaster.invokeListener(SimpleApplicationEventMulticaster.java:151) ~[spring-context-4.1.7.RELEASE.jar:4.1.7.RELEASE]
	at org.springframework.context.event.SimpleApplicationEventMulticaster.multicastEvent(SimpleApplicationEventMulticaster.java:128) ~[spring-context-4.1.7.RELEASE.jar:4.1.7.RELEASE]
	at org.springframework.context.support.AbstractApplicationContext.publishEvent(AbstractApplicationContext.java:331) [spring-context-4.1.7.RELEASE.jar:4.1.7.RELEASE]
	at org.springframework.context.support.AbstractApplicationContext.doClose(AbstractApplicationContext.java:869) [spring-context-4.1.7.RELEASE.jar:4.1.7.RELEASE]
	at org.springframework.context.support.AbstractApplicationContext.close(AbstractApplicationContext.java:836) [spring-context-4.1.7.RELEASE.jar:4.1.7.RELEASE]
	at grails.test.runtime.GrailsApplicationTestPlugin.shutdownApplicationContext(GrailsApplicationTestPlugin.groovy:287) [grails-plugin-testing-3.0.3.jar:3.0.3]
	at grails.test.runtime.GrailsApplicationTestPlugin.onTestEvent(GrailsApplicationTestPlugin.groovy:332) [grails-plugin-testing-3.0.3.jar:3.0.3]
	at grails.test.runtime.TestRuntime.deliverEvent(TestRuntime.groovy:295) [grails-plugin-testing-3.0.3.jar:3.0.3]
	at grails.test.runtime.TestRuntime.processEvents(TestRuntime.groovy:264) [grails-plugin-testing-3.0.3.jar:3.0.3]
	at grails.test.runtime.TestRuntime.doPublishEvent(TestRuntime.groovy:248) [grails-plugin-testing-3.0.3.jar:3.0.3]
	at grails.test.runtime.TestRuntime.publishEvent(TestRuntime.groovy:211) [grails-plugin-testing-3.0.3.jar:3.0.3]
	at grails.test.runtime.TestRuntime.publishEvent(TestRuntime.groovy) [grails-plugin-testing-3.0.3.jar:3.0.3]
	at grails.test.runtime.TestRuntime.requestClose(TestRuntime.groovy:215) [grails-plugin-testing-3.0.3.jar:3.0.3]
	at grails.test.runtime.TestRuntime$requestClose$0.call(Unknown Source) [grails-plugin-testing-3.0.3.jar:3.0.3]
	at grails.test.runtime.TestRuntimeJunitAdapter.afterClass(TestRuntimeJunitAdapter.groovy:123) [grails-plugin-testing-3.0.3.jar:3.0.3]
	at sun.reflect.NativeMethodAccessorImpl.invoke0(Native Method) ~[na:1.8.0_25]
	at sun.reflect.NativeMethodAccessorImpl.invoke(NativeMethodAccessorImpl.java:62) ~[na:1.8.0_25]
	at sun.reflect.DelegatingMethodAccessorImpl.invoke(DelegatingMethodAccessorImpl.java:43) ~[na:1.8.0_25]
	at java.lang.reflect.Method.invoke(Method.java:483) ~[na:1.8.0_25]
	at org.codehaus.groovy.reflection.CachedMethod.invoke(CachedMethod.java:90) [groovy-2.4.3.jar:2.4.3]
	at groovy.lang.MetaMethod.doMethodInvoke(MetaMethod.java:324) [groovy-2.4.3.jar:2.4.3]
	at groovy.lang.MetaClassImpl.invokeMethod(MetaClassImpl.java:1207) [groovy-2.4.3.jar:2.4.3]
	at org.codehaus.groovy.runtime.ScriptBytecodeAdapter.invokeMethodOnCurrentN(ScriptBytecodeAdapter.java:80) [groovy-2.4.3.jar:2.4.3]
	at grails.test.runtime.TestRuntimeJunitAdapter.this$dist$invoke$1(TestRuntimeJunitAdapter.groovy) [grails-plugin-testing-3.0.3.jar:3.0.3]
	at grails.test.runtime.TestRuntimeJunitAdapter$3.methodMissing(TestRuntimeJunitAdapter.groovy) [grails-plugin-testing-3.0.3.jar:3.0.3]
	at sun.reflect.NativeMethodAccessorImpl.invoke0(Native Method) ~[na:1.8.0_25]
	at sun.reflect.NativeMethodAccessorImpl.invoke(NativeMethodAccessorImpl.java:62) ~[na:1.8.0_25]
	at sun.reflect.DelegatingMethodAccessorImpl.invoke(DelegatingMethodAccessorImpl.java:43) ~[na:1.8.0_25]
	at java.lang.reflect.Method.invoke(Method.java:483) ~[na:1.8.0_25]
	at org.codehaus.groovy.reflection.CachedMethod.invoke(CachedMethod.java:90) [groovy-2.4.3.jar:2.4.3]
	at groovy.lang.MetaClassImpl.invokeMissingMethod(MetaClassImpl.java:933) [groovy-2.4.3.jar:2.4.3]
	at groovy.lang.MetaClassImpl.invokePropertyOrMissing(MetaClassImpl.java:1256) [groovy-2.4.3.jar:2.4.3]
	at groovy.lang.MetaClassImpl.invokeMethod(MetaClassImpl.java:1209) [groovy-2.4.3.jar:2.4.3]
	at org.codehaus.groovy.runtime.ScriptBytecodeAdapter.invokeMethodOnCurrentN(ScriptBytecodeAdapter.java:80) [groovy-2.4.3.jar:2.4.3]
	at grails.test.runtime.TestRuntimeJunitAdapter$3.this$dist$invoke$1(TestRuntimeJunitAdapter.groovy) [grails-plugin-testing-3.0.3.jar:3.0.3]
	at grails.test.runtime.TestRuntimeJunitAdapter$3$4.methodMissing(TestRuntimeJunitAdapter.groovy) [grails-plugin-testing-3.0.3.jar:3.0.3]
	at sun.reflect.NativeMethodAccessorImpl.invoke0(Native Method) ~[na:1.8.0_25]
	at sun.reflect.NativeMethodAccessorImpl.invoke(NativeMethodAccessorImpl.java:62) ~[na:1.8.0_25]
	at sun.reflect.DelegatingMethodAccessorImpl.invoke(DelegatingMethodAccessorImpl.java:43) ~[na:1.8.0_25]
	at java.lang.reflect.Method.invoke(Method.java:483) ~[na:1.8.0_25]
	at org.codehaus.groovy.reflection.CachedMethod.invoke(CachedMethod.java:90) [groovy-2.4.3.jar:2.4.3]
	at groovy.lang.MetaClassImpl.invokeMissingMethod(MetaClassImpl.java:933) [groovy-2.4.3.jar:2.4.3]
	at groovy.lang.MetaClassImpl.invokePropertyOrMissing(MetaClassImpl.java:1256) [groovy-2.4.3.jar:2.4.3]
	at groovy.lang.MetaClassImpl.invokeMethod(MetaClassImpl.java:1209) [groovy-2.4.3.jar:2.4.3]
	at groovy.lang.MetaClassImpl.invokeMethod(MetaClassImpl.java:1016) [groovy-2.4.3.jar:2.4.3]
	at org.codehaus.groovy.runtime.callsite.PogoMetaClassSite.callCurrent(PogoMetaClassSite.java:66) [groovy-2.4.3.jar:2.4.3]
	at org.codehaus.groovy.runtime.callsite.AbstractCallSite.callCurrent(AbstractCallSite.java:187) [groovy-2.4.3.jar:2.4.3]
	at grails.test.runtime.TestRuntimeJunitAdapter$3$4.evaluate(TestRuntimeJunitAdapter.groovy:84) [grails-plugin-testing-3.0.3.jar:3.0.3]
	at org.spockframework.runtime.extension.builtin.ClassRuleInterceptor.intercept(ClassRuleInterceptor.java:38) [spock-core-1.0-groovy-2.4.jar:na]
	at org.spockframework.runtime.extension.MethodInvocation.proceed(MethodInvocation.java:87) [spock-core-1.0-groovy-2.4.jar:na]
	at org.spockframework.runtime.BaseSpecRunner.invoke(BaseSpecRunner.java:471) [spock-core-1.0-groovy-2.4.jar:na]
	at org.spockframework.runtime.BaseSpecRunner.runSpec(BaseSpecRunner.java:76) [spock-core-1.0-groovy-2.4.jar:na]
	at org.spockframework.runtime.BaseSpecRunner.run(BaseSpecRunner.java:67) [spock-core-1.0-groovy-2.4.jar:na]
	at org.spockframework.runtime.Sputnik.run(Sputnik.java:63) [spock-core-1.0-groovy-2.4.jar:na]
	at org.gradle.api.internal.tasks.testing.junit.JUnitTestClassExecuter.runTestClass(JUnitTestClassExecuter.java:86) [gradle-plugins-2.3.jar:2.3]
	at org.gradle.api.internal.tasks.testing.junit.JUnitTestClassExecuter.execute(JUnitTestClassExecuter.java:49) [gradle-plugins-2.3.jar:2.3]
	at org.gradle.api.internal.tasks.testing.junit.JUnitTestClassProcessor.processTestClass(JUnitTestClassProcessor.java:64) [gradle-plugins-2.3.jar:2.3]
	at org.gradle.api.internal.tasks.testing.SuiteTestClassProcessor.processTestClass(SuiteTestClassProcessor.java:50) [gradle-plugins-2.3.jar:2.3]
	at sun.reflect.NativeMethodAccessorImpl.invoke0(Native Method) ~[na:1.8.0_25]
	at sun.reflect.NativeMethodAccessorImpl.invoke(NativeMethodAccessorImpl.java:62) ~[na:1.8.0_25]
	at sun.reflect.DelegatingMethodAccessorImpl.invoke(DelegatingMethodAccessorImpl.java:43) ~[na:1.8.0_25]
	at java.lang.reflect.Method.invoke(Method.java:483) ~[na:1.8.0_25]
	at org.gradle.messaging.dispatch.ReflectionDispatch.dispatch(ReflectionDispatch.java:35) [gradle-messaging-2.3.jar:2.3]
	at org.gradle.messaging.dispatch.ReflectionDispatch.dispatch(ReflectionDispatch.java:24) [gradle-messaging-2.3.jar:2.3]
	at org.gradle.messaging.dispatch.ContextClassLoaderDispatch.dispatch(ContextClassLoaderDispatch.java:32) [gradle-messaging-2.3.jar:2.3]
	at org.gradle.messaging.dispatch.ProxyDispatchAdapter$DispatchingInvocationHandler.invoke(ProxyDispatchAdapter.java:93) [gradle-messaging-2.3.jar:2.3]
	at com.sun.proxy.$Proxy2.processTestClass(Unknown Source) [na:na]
	at org.gradle.api.internal.tasks.testing.worker.TestWorker.processTestClass(TestWorker.java:106) [gradle-plugins-2.3.jar:2.3]
	at sun.reflect.NativeMethodAccessorImpl.invoke0(Native Method) ~[na:1.8.0_25]
	at sun.reflect.NativeMethodAccessorImpl.invoke(NativeMethodAccessorImpl.java:62) ~[na:1.8.0_25]
	at sun.reflect.DelegatingMethodAccessorImpl.invoke(DelegatingMethodAccessorImpl.java:43) ~[na:1.8.0_25]
	at java.lang.reflect.Method.invoke(Method.java:483) ~[na:1.8.0_25]
	at org.gradle.messaging.dispatch.ReflectionDispatch.dispatch(ReflectionDispatch.java:35) [gradle-messaging-2.3.jar:2.3]
	at org.gradle.messaging.dispatch.ReflectionDispatch.dispatch(ReflectionDispatch.java:24) [gradle-messaging-2.3.jar:2.3]
	at org.gradle.messaging.remote.internal.hub.MessageHub$Handler.run(MessageHub.java:360) [gradle-messaging-2.3.jar:2.3]
	at org.gradle.internal.concurrent.DefaultExecutorFactory$StoppableExecutorImpl$1.run(DefaultExecutorFactory.java:64) [gradle-base-services-2.3.jar:2.3]
	at java.util.concurrent.ThreadPoolExecutor.runWorker(ThreadPoolExecutor.java:1142) [na:1.8.0_25]
	at java.util.concurrent.ThreadPoolExecutor$Worker.run(ThreadPoolExecutor.java:617) [na:1.8.0_25]
	at java.lang.Thread.run(Thread.java:745) [na:1.8.0_25]
07:37:15.027 [Test worker] DEBUG o.g.s.b.f.OptimizedAutowireCapableBeanFactory - Returning cached instance of singleton bean 'lifecycleProcessor'
07:37:15.027 [Test worker] DEBUG o.g.s.b.f.OptimizedAutowireCapableBeanFactory - Destroying singletons in org.grails.spring.beans.factory.OptimizedAutowireCapableBeanFactory@72c22548: defining beans [org.springframework.context.annotation.internalConfigurationAnnotationProcessor,org.springframework.context.annotation.internalAutowiredAnnotationProcessor,org.springframework.context.annotation.internalRequiredAnnotationProcessor,org.springframework.context.annotation.internalCommonAnnotationProcessor,org.springframework.context.annotation.ConfigurationClassPostProcessor.importAwareProcessor,org.springframework.context.annotation.ConfigurationClassPostProcessor.enhancedConfigurationProcessor,defaultGrailslongConverter,filteringCodecsByContentTypeSettings,grailsConfigProperties,grailsWebDataBinder,defaultGrailsBigDecimalConverter,proxyHandler,defaultGrailsdoubleConverter,mimeTypes,gspTagLibraryLookup,abstractGrailsResourceLocator,eventBus,jspTagLibraryResolver,jsonDataBindingSourceCreator,groovyPageLocator,propertySourcesPlaceholderConfigurer,grailsMimeUtility,defaultDateConverter,reactorConfigurationReader,defaultGrailsjava.lang.DoubleConverter,timeZoneConverter,xmlDataBindingSourceCreator,defaultGrailsintConverter,multipartResolver,grailsConfigurationClassPostProcessor,rendererRegistry,reactorEnv,defaultGrailsfloatConverter,localeResolver,conversionService,org.springframework.aop.config.internalAutoProxyCreator,legacyGrailsApplication,classLoader,halJsonDataBindingSourceCreator,errorsXmlMarshallerRegisterer,dataBindingSourceRegistry,halXmlDataBindingSourceCreator,grailsPlaceholderConfigurer,grailsUrlMappingsHolder,defaultGrailsjava.lang.FloatConverter,grailsLinkGenerator,mapBasedSmartPropertyOverrideConfigurer,groovyPagesTemplateEngine,codecLookup,pluginManagerPostProcessor,defaultGrailsjava.lang.IntegerConverter,groovyPagesTemplateRenderer,grailsUrlConverter,errorsJsonMarshallerRegisterer,groovyPageUnitTestResourceLoader,org.grails.beans.ConstraintsEvaluator,grailsApplicationPostProcessor,grailsResourceLocator,customEditors,defaultGrailsjava.lang.LongConverter,messageSource,convertersConfigurationInitializer,defaultGrailsjava.lang.ShortConverter,defaultGrailsshortConverter,xmlErrorsMarshaller,defaultCurrencyConverter,mimeTypeResolver,consumerBeanAutoConfiguration,jsonErrorsMarshaller,defaultGrailsBigIntegerConverter,asset.pipeline.grails.AssetMethodTagLib]; root of factory hierarchy
07:37:15.028 [Test worker] DEBUG o.g.s.b.f.OptimizedAutowireCapableBeanFactory - Retrieved dependent beans for bean '(inner bean)#4d830b31': [errorsJsonMarshallerRegisterer]
07:37:15.028 [Test worker] DEBUG o.g.s.b.f.OptimizedAutowireCapableBeanFactory - Retrieved dependent beans for bean '(inner bean)#8b602ef': [errorsXmlMarshallerRegisterer]
07:37:15.029 [Test worker] DEBUG o.s.b.f.s.DisposableBeanAdapter - Invoking destroy method 'close' on bean with name 'reactorEnv'
]]></system-out>
  <system-err><![CDATA[]]></system-err>
</testsuite>
